2023-12-07 14:37:08,667: Reference is going insane!
2023-12-07 14:37:42,459: Training dataset size: 50000
2023-12-07 14:37:42,459: Testing dataset size: 10000
2023-12-07 14:40:19,325: Epoch training time: 156.8654544353485
2023-12-07 14:40:19,326: Loss: 1.6356124832197223
2023-12-07 14:40:19,326: Accuracy: 39.83%
2023-12-07 14:40:29,119: Validation Loss: 1.4642797617972652
2023-12-07 14:40:29,120: Validation Accuracy: 46.08%
2023-12-07 14:43:00,675: Epoch training time: 151.55513644218445
2023-12-07 14:43:00,675: Loss: 1.267757894133058
2023-12-07 14:43:00,675: Accuracy: 53.91%
2023-12-07 14:43:10,383: Validation Loss: 1.2083712884142428
2023-12-07 14:43:10,384: Validation Accuracy: 56.57%
2023-12-07 14:46:15,500: Epoch training time: 185.11613130569458
2023-12-07 14:46:15,501: Loss: 1.0919861369730566
2023-12-07 14:46:15,501: Accuracy: 60.64%
2023-12-07 14:46:25,538: Validation Loss: 1.1375898085063016
2023-12-07 14:46:25,538: Validation Accuracy: 59.07%
2023-12-07 14:49:11,610: Epoch training time: 166.07083582878113
2023-12-07 14:49:11,610: Loss: 0.965009755490686
2023-12-07 14:49:11,610: Accuracy: 65.24%
2023-12-07 14:49:23,219: Validation Loss: 1.0487699214416215
2023-12-07 14:49:23,220: Validation Accuracy: 63.36%
2023-12-07 14:52:21,028: Epoch training time: 177.80798888206482
2023-12-07 14:52:21,028: Loss: 0.8637930570965837
2023-12-07 14:52:21,062: Accuracy: 69.06%
2023-12-07 14:52:34,384: Validation Loss: 1.0811884305145167
2023-12-07 14:52:34,384: Validation Accuracy: 62.78%
2023-12-07 14:56:08,064: Epoch training time: 213.67860794067383
2023-12-07 14:56:08,064: Loss: 0.778510994618506
2023-12-07 14:56:08,064: Accuracy: 72.38%
2023-12-07 14:56:22,328: Validation Loss: 1.0367970828768573
2023-12-07 14:56:22,328: Validation Accuracy: 64.69%
2023-12-07 15:00:23,271: Epoch training time: 240.94259548187256
2023-12-07 15:00:23,272: Loss: 0.7039071781860898
2023-12-07 15:00:23,272: Accuracy: 75.16%
2023-12-07 15:00:37,004: Validation Loss: 1.222664458087728
2023-12-07 15:00:37,005: Validation Accuracy: 61.37%
2023-12-07 15:04:09,296: Epoch training time: 212.29071426391602
2023-12-07 15:04:09,296: Loss: 0.6362116714877546
2023-12-07 15:04:09,297: Accuracy: 77.79%
2023-12-07 15:04:21,574: Validation Loss: 1.1080454912366746
2023-12-07 15:04:21,575: Validation Accuracy: 64.24%
2023-12-07 15:07:35,665: Epoch training time: 194.08985328674316
2023-12-07 15:07:35,666: Loss: 0.5805035520087728
2023-12-07 15:07:35,666: Accuracy: 79.84%
2023-12-07 15:07:47,997: Validation Loss: 1.1611928102336353
2023-12-07 15:07:47,998: Validation Accuracy: 63.94%
2023-12-07 15:11:00,291: Epoch training time: 192.29339146614075
2023-12-07 15:11:00,292: Loss: 0.5282702262291823
2023-12-07 15:11:00,292: Accuracy: 81.63%
2023-12-07 15:11:12,261: Validation Loss: 1.1213101412676558
2023-12-07 15:11:12,261: Validation Accuracy: 65.89%
2023-12-07 15:14:25,437: Epoch training time: 193.17548322677612
2023-12-07 15:14:25,437: Loss: 0.48185713737821945
2023-12-07 15:14:25,437: Accuracy: 83.30%
2023-12-07 15:14:37,702: Validation Loss: 1.4733514770676819
2023-12-07 15:14:37,702: Validation Accuracy: 60.90%
2023-12-07 15:17:50,578: Epoch training time: 192.8752772808075
2023-12-07 15:17:50,578: Loss: 0.4335417856112161
2023-12-07 15:17:50,578: Accuracy: 85.02%
2023-12-07 15:18:02,575: Validation Loss: 1.461167111426969
2023-12-07 15:18:02,575: Validation Accuracy: 62.14%
2023-12-07 15:21:15,376: Epoch training time: 192.8004240989685
2023-12-07 15:21:15,376: Loss: 0.39575360966917805
2023-12-07 15:21:15,376: Accuracy: 86.29%
2023-12-07 15:21:27,621: Validation Loss: 1.4948021912876563
2023-12-07 15:21:27,621: Validation Accuracy: 62.17%
2023-12-07 15:24:40,116: Epoch training time: 192.49399209022522
2023-12-07 15:24:40,116: Loss: 0.3562769920700956
2023-12-07 15:24:40,116: Accuracy: 87.51%
2023-12-07 15:24:52,188: Validation Loss: 1.9086326149445545
2023-12-07 15:24:52,188: Validation Accuracy: 58.77%
2023-12-07 15:28:04,500: Epoch training time: 192.31133842468262
2023-12-07 15:28:04,500: Loss: 0.32625119296638555
2023-12-07 15:28:04,500: Accuracy: 88.65%
2023-12-07 15:28:16,445: Validation Loss: 1.8796779581263094
2023-12-07 15:28:16,445: Validation Accuracy: 59.11%
2023-12-07 15:31:27,800: Epoch training time: 191.3541340827942
2023-12-07 15:31:27,800: Loss: 0.29502081101202904
2023-12-07 15:31:27,800: Accuracy: 89.69%
2023-12-07 15:31:39,955: Validation Loss: 1.8181150714053382
2023-12-07 15:31:39,955: Validation Accuracy: 60.06%
2023-12-07 15:34:59,386: Epoch training time: 199.42953085899353
2023-12-07 15:34:59,386: Loss: 0.2743922486863173
2023-12-07 15:34:59,386: Accuracy: 90.37%
2023-12-07 15:35:11,211: Validation Loss: 1.5986968580680558
2023-12-07 15:35:11,211: Validation Accuracy: 64.10%
2023-12-07 15:37:52,562: Epoch training time: 161.3502230644226
2023-12-07 15:37:52,562: Loss: 0.2433063426743383
2023-12-07 15:37:52,562: Accuracy: 91.51%
2023-12-07 15:38:02,987: Validation Loss: 1.4986162623272667
2023-12-07 15:38:02,987: Validation Accuracy: 64.36%
2023-12-07 15:40:38,016: Epoch training time: 155.02877068519592
2023-12-07 15:40:38,016: Loss: 0.22731451876937886
2023-12-07 15:40:38,016: Accuracy: 91.94%
2023-12-07 15:40:47,281: Validation Loss: 1.739971165415607
2023-12-07 15:40:47,281: Validation Accuracy: 60.92%
2023-12-07 15:43:18,275: Epoch training time: 150.99302053451538
2023-12-07 15:43:18,275: Loss: 0.20659607763180649
2023-12-07 15:43:18,275: Accuracy: 92.75%
2023-12-07 15:43:27,648: Validation Loss: 2.5595414019838163
2023-12-07 15:43:27,648: Validation Accuracy: 54.02%
2023-12-07 15:43:27,648: Total training time: 3712.5229036808014
