2023-12-07 15:45:13,253: Reference is going insane!
2023-12-07 15:45:14,314: Training dataset size: 50000
2023-12-07 15:45:14,314: Testing dataset size: 10000
2023-12-07 15:48:42,947: Epoch training time: 208.632474899292
2023-12-07 15:48:42,948: Loss: 1.7317960042782756
2023-12-07 15:48:42,948: Accuracy: 35.75%
2023-12-07 15:48:56,095: Validation Loss: 1.5043919584419154
2023-12-07 15:48:56,095: Validation Accuracy: 44.51%
2023-12-07 15:52:09,013: Epoch training time: 192.91708850860596
2023-12-07 15:52:09,014: Loss: 1.3711199684216238
2023-12-07 15:52:09,014: Accuracy: 49.42%
2023-12-07 15:52:20,154: Validation Loss: 1.2694352789770198
2023-12-07 15:52:20,154: Validation Accuracy: 53.44%
2023-12-07 15:55:21,695: Epoch training time: 181.5397765636444
2023-12-07 15:55:21,695: Loss: 1.2112531476008617
2023-12-07 15:55:21,695: Accuracy: 56.03%
2023-12-07 15:55:31,947: Validation Loss: 1.1781531594976593
2023-12-07 15:55:31,948: Validation Accuracy: 56.42%
2023-12-07 15:58:09,945: Epoch training time: 157.99695897102356
2023-12-07 15:58:09,945: Loss: 1.091951695092194
2023-12-07 15:58:09,945: Accuracy: 60.63%
2023-12-07 15:58:19,863: Validation Loss: 1.0590775556202177
2023-12-07 15:58:19,863: Validation Accuracy: 61.88%
2023-12-07 16:01:05,057: Epoch training time: 165.19359278678894
2023-12-07 16:01:05,058: Loss: 0.9955344913560716
2023-12-07 16:01:05,058: Accuracy: 64.12%
2023-12-07 16:01:18,474: Validation Loss: 0.9520529614219183
2023-12-07 16:01:18,475: Validation Accuracy: 65.85%
2023-12-07 16:03:56,646: Epoch training time: 158.17125535011292
2023-12-07 16:03:56,646: Loss: 0.909182652488084
2023-12-07 16:03:56,646: Accuracy: 67.52%
2023-12-07 16:04:06,446: Validation Loss: 0.8951627099061314
2023-12-07 16:04:06,446: Validation Accuracy: 67.74%
2023-12-07 16:06:43,146: Epoch training time: 156.69890713691711
2023-12-07 16:06:43,146: Loss: 0.8340995285821997
2023-12-07 16:06:43,146: Accuracy: 70.19%
2023-12-07 16:06:52,984: Validation Loss: 0.8562830580940729
2023-12-07 16:06:52,985: Validation Accuracy: 69.68%
2023-12-07 16:09:41,271: Epoch training time: 168.28544282913208
2023-12-07 16:09:41,271: Loss: 0.7701440558714026
2023-12-07 16:09:41,271: Accuracy: 72.80%
2023-12-07 16:09:51,868: Validation Loss: 0.7799944538104383
2023-12-07 16:09:51,868: Validation Accuracy: 72.62%
2023-12-07 16:12:47,252: Epoch training time: 175.38379836082458
2023-12-07 16:12:47,288: Loss: 0.7249634064676816
2023-12-07 16:12:47,288: Accuracy: 74.58%
2023-12-07 16:12:57,358: Validation Loss: 0.811840222606176
2023-12-07 16:12:57,358: Validation Accuracy: 71.87%
2023-12-07 16:16:01,337: Epoch training time: 183.97811579704285
2023-12-07 16:16:01,337: Loss: 0.6824723661250776
2023-12-07 16:16:01,337: Accuracy: 76.17%
2023-12-07 16:16:13,159: Validation Loss: 0.7331934661804875
2023-12-07 16:16:13,160: Validation Accuracy: 74.65%
2023-12-07 16:19:08,435: Epoch training time: 175.27434468269348
2023-12-07 16:19:08,435: Loss: 0.6447426354336312
2023-12-07 16:19:08,435: Accuracy: 77.28%
2023-12-07 16:19:19,099: Validation Loss: 0.72605936889407
2023-12-07 16:19:19,099: Validation Accuracy: 75.12%
2023-12-07 16:22:11,046: Epoch training time: 171.94564628601074
2023-12-07 16:22:11,046: Loss: 0.6179844565556177
2023-12-07 16:22:11,046: Accuracy: 78.53%
2023-12-07 16:22:21,155: Validation Loss: 0.8187849227386185
2023-12-07 16:22:21,156: Validation Accuracy: 73.20%
2023-12-07 16:25:16,328: Epoch training time: 175.17139410972595
2023-12-07 16:25:16,328: Loss: 0.5914576390515203
2023-12-07 16:25:16,328: Accuracy: 79.35%
2023-12-07 16:25:27,232: Validation Loss: 0.6677431743356246
2023-12-07 16:25:27,232: Validation Accuracy: 77.47%
2023-12-07 16:28:15,316: Epoch training time: 168.0840244293213
2023-12-07 16:28:15,316: Loss: 0.5719421454097914
2023-12-07 16:28:15,317: Accuracy: 79.99%
2023-12-07 16:28:26,166: Validation Loss: 0.6808098728143717
2023-12-07 16:28:26,167: Validation Accuracy: 77.14%
2023-12-07 16:31:06,083: Epoch training time: 159.91576862335205
2023-12-07 16:31:06,083: Loss: 0.5481846218218889
2023-12-07 16:31:06,083: Accuracy: 80.83%
2023-12-07 16:31:15,757: Validation Loss: 0.634398602609393
2023-12-07 16:31:15,757: Validation Accuracy: 77.97%
2023-12-07 16:33:59,388: Epoch training time: 163.63045120239258
2023-12-07 16:33:59,389: Loss: 0.5267740229663946
2023-12-07 16:33:59,389: Accuracy: 81.69%
2023-12-07 16:34:09,313: Validation Loss: 0.6232221130328842
2023-12-07 16:34:09,314: Validation Accuracy: 78.95%
2023-12-07 16:36:51,051: Epoch training time: 161.73702812194824
2023-12-07 16:36:51,051: Loss: 0.5133471364712776
2023-12-07 16:36:51,051: Accuracy: 82.23%
2023-12-07 16:37:00,804: Validation Loss: 0.6215605532066731
2023-12-07 16:37:00,805: Validation Accuracy: 79.10%
2023-12-07 16:39:41,782: Epoch training time: 160.97644710540771
2023-12-07 16:39:41,782: Loss: 0.4920895989136318
2023-12-07 16:39:41,782: Accuracy: 82.97%
2023-12-07 16:39:51,487: Validation Loss: 0.5885109365740909
2023-12-07 16:39:51,487: Validation Accuracy: 80.00%
2023-12-07 16:42:25,362: Epoch training time: 153.87485098838806
2023-12-07 16:42:25,363: Loss: 0.4784940702226156
2023-12-07 16:42:25,363: Accuracy: 83.31%
2023-12-07 16:42:35,054: Validation Loss: 0.6078466026088859
2023-12-07 16:42:35,054: Validation Accuracy: 79.68%
2023-12-07 16:45:11,471: Epoch training time: 156.41665506362915
2023-12-07 16:45:11,471: Loss: 0.4634743290941429
2023-12-07 16:45:11,471: Accuracy: 83.82%
2023-12-07 16:45:21,105: Validation Loss: 0.6053315242634544
2023-12-07 16:45:21,105: Validation Accuracy: 79.21%
2023-12-07 16:45:21,105: Total training time: 3395.8240218162537
