2023-11-30 11:47:42,108: Reference is going insane!
2023-11-30 11:47:43,167: Training dataset size: 50000
2023-11-30 11:47:43,167: Testing dataset size: 10000
2023-11-30 11:47:51,986: Epoch training time: 8.818448305130005
2023-11-30 11:47:51,986: Loss: 2.2985903911883265
2023-11-30 11:47:51,986: Accuracy: 12.57%
2023-11-30 11:47:53,783: Validation Loss: 2.285499862804534
2023-11-30 11:47:53,783: Validation Accuracy: 15.73%
2023-11-30 11:48:02,482: Epoch training time: 8.698800325393677
2023-11-30 11:48:02,482: Loss: 2.1468251324675576
2023-11-30 11:48:02,482: Accuracy: 22.91%
2023-11-30 11:48:04,257: Validation Loss: 1.9612272636146302
2023-11-30 11:48:04,257: Validation Accuracy: 29.06%
2023-11-30 11:48:15,194: Epoch training time: 10.936656475067139
2023-11-30 11:48:15,194: Loss: 1.8725025039499679
2023-11-30 11:48:15,194: Accuracy: 32.40%
2023-11-30 11:48:16,945: Validation Loss: 1.7839801022960882
2023-11-30 11:48:16,945: Validation Accuracy: 35.10%
2023-11-30 11:48:25,579: Epoch training time: 8.633574724197388
2023-11-30 11:48:25,579: Loss: 1.7067419821039185
2023-11-30 11:48:25,579: Accuracy: 37.93%
2023-11-30 11:48:26,440: Validation Loss: 1.6293237019496358
2023-11-30 11:48:26,440: Validation Accuracy: 40.54%
2023-11-30 11:48:32,135: Epoch training time: 5.694913148880005
2023-11-30 11:48:32,135: Loss: 1.591141907150483
2023-11-30 11:48:32,135: Accuracy: 41.76%
2023-11-30 11:48:33,086: Validation Loss: 1.5275095025445247
2023-11-30 11:48:33,086: Validation Accuracy: 44.21%
2023-11-30 11:48:38,813: Epoch training time: 5.7182135581970215
2023-11-30 11:48:38,813: Loss: 1.5083439464459334
2023-11-30 11:48:38,813: Accuracy: 45.27%
2023-11-30 11:48:39,693: Validation Loss: 1.458905919342284
2023-11-30 11:48:39,693: Validation Accuracy: 47.08%
2023-11-30 11:48:45,481: Epoch training time: 5.788540601730347
2023-11-30 11:48:45,481: Loss: 1.4446669531905132
2023-11-30 11:48:45,481: Accuracy: 47.98%
2023-11-30 11:48:46,360: Validation Loss: 1.4069102000279032
2023-11-30 11:48:46,360: Validation Accuracy: 48.78%
2023-11-30 11:48:52,317: Epoch training time: 5.9551475048065186
2023-11-30 11:48:52,317: Loss: 1.3932322606711132
2023-11-30 11:48:52,317: Accuracy: 50.04%
2023-11-30 11:48:54,124: Validation Loss: 1.3668663524518347
2023-11-30 11:48:54,124: Validation Accuracy: 50.76%
2023-11-30 11:49:04,675: Epoch training time: 10.550458669662476
2023-11-30 11:49:04,675: Loss: 1.3497065085431803
2023-11-30 11:49:04,675: Accuracy: 51.61%
2023-11-30 11:49:06,450: Validation Loss: 1.3329998004208705
2023-11-30 11:49:06,450: Validation Accuracy: 52.35%
2023-11-30 11:49:13,814: Epoch training time: 7.363434791564941
2023-11-30 11:49:13,814: Loss: 1.3109117144971247
2023-11-30 11:49:13,814: Accuracy: 53.22%
2023-11-30 11:49:15,003: Validation Loss: 1.303877986160813
2023-11-30 11:49:15,003: Validation Accuracy: 53.08%
2023-11-30 11:49:22,843: Epoch training time: 7.839686155319214
2023-11-30 11:49:22,843: Loss: 1.2749160164609894
2023-11-30 11:49:22,844: Accuracy: 54.52%
2023-11-30 11:49:23,754: Validation Loss: 1.2764906799717315
2023-11-30 11:49:23,755: Validation Accuracy: 54.11%
2023-11-30 11:49:33,952: Epoch training time: 10.197669506072998
2023-11-30 11:49:33,952: Loss: 1.2404825849758694
2023-11-30 11:49:33,953: Accuracy: 55.82%
2023-11-30 11:49:35,701: Validation Loss: 1.2510092687454952
2023-11-30 11:49:35,701: Validation Accuracy: 55.50%
2023-11-30 11:49:47,056: Epoch training time: 11.355473041534424
2023-11-30 11:49:47,057: Loss: 1.208243089030161
2023-11-30 11:49:47,057: Accuracy: 57.12%
2023-11-30 11:49:48,979: Validation Loss: 1.2289306544194556
2023-11-30 11:49:48,979: Validation Accuracy: 56.37%
2023-11-30 11:49:57,593: Epoch training time: 8.61445665359497
2023-11-30 11:49:57,593: Loss: 1.1781814779771869
2023-11-30 11:49:57,593: Accuracy: 58.33%
2023-11-30 11:49:58,672: Validation Loss: 1.206048257032018
2023-11-30 11:49:58,672: Validation Accuracy: 57.37%
2023-11-30 11:50:08,461: Epoch training time: 9.788465976715088
2023-11-30 11:50:08,461: Loss: 1.1504880138065503
2023-11-30 11:50:08,461: Accuracy: 59.43%
2023-11-30 11:50:10,391: Validation Loss: 1.1882828952400548
2023-11-30 11:50:10,391: Validation Accuracy: 58.08%
2023-11-30 11:50:18,891: Epoch training time: 8.499644041061401
2023-11-30 11:50:18,891: Loss: 1.1247291743298016
2023-11-30 11:50:18,891: Accuracy: 60.36%
2023-11-30 11:50:20,681: Validation Loss: 1.1701270972087885
2023-11-30 11:50:20,682: Validation Accuracy: 58.79%
2023-11-30 11:50:31,645: Epoch training time: 10.963450193405151
2023-11-30 11:50:31,645: Loss: 1.1006528390642931
2023-11-30 11:50:31,645: Accuracy: 61.24%
2023-11-30 11:50:33,561: Validation Loss: 1.1546578760359698
2023-11-30 11:50:33,561: Validation Accuracy: 59.59%
2023-11-30 11:50:44,505: Epoch training time: 10.944131851196289
2023-11-30 11:50:44,505: Loss: 1.07816570981994
2023-11-30 11:50:44,505: Accuracy: 62.03%
2023-11-30 11:50:46,428: Validation Loss: 1.1375290595801772
2023-11-30 11:50:46,428: Validation Accuracy: 60.12%
2023-11-30 11:50:53,580: Epoch training time: 7.151553153991699
2023-11-30 11:50:53,580: Loss: 1.0570437502678094
2023-11-30 11:50:53,580: Accuracy: 62.85%
2023-11-30 11:50:54,593: Validation Loss: 1.1226042410370651
2023-11-30 11:50:54,593: Validation Accuracy: 60.78%
2023-11-30 11:51:04,946: Epoch training time: 10.353456497192383
2023-11-30 11:51:04,947: Loss: 1.0371932224239535
2023-11-30 11:51:04,947: Accuracy: 63.56%
2023-11-30 11:51:06,929: Validation Loss: 1.1127550841137102
2023-11-30 11:51:06,929: Validation Accuracy: 60.97%
2023-11-30 11:51:06,929: Total training time: 173.86617517471313
