2023-11-25 09:36:13,543: Reference is going insane!
2023-11-25 09:36:13,603: Training dataset size: 60000
2023-11-25 09:36:13,603: Testing dataset size: 10000
2023-11-25 09:37:13,247: Epoch training time: 59.64357113838196
2023-11-25 09:37:13,248: Loss: 0.4205919932474072
2023-11-25 09:37:13,248: Accuracy: 88.25%
2023-11-25 09:37:16,376: Validation Loss: 0.1645193275243044
2023-11-25 09:37:16,377: Validation Accuracy: 94.80%
2023-11-25 09:38:06,604: Epoch training time: 50.227253675460815
2023-11-25 09:38:06,604: Loss: 0.11290961988290461
2023-11-25 09:38:06,604: Accuracy: 96.66%
2023-11-25 09:38:08,594: Validation Loss: 0.09042583615714685
2023-11-25 09:38:08,595: Validation Accuracy: 97.15%
2023-11-25 09:39:04,270: Epoch training time: 55.67537450790405
2023-11-25 09:39:04,270: Loss: 0.07164405799525946
2023-11-25 09:39:04,270: Accuracy: 97.96%
2023-11-25 09:39:07,550: Validation Loss: 0.07363654866649304
2023-11-25 09:39:07,551: Validation Accuracy: 97.51%
2023-11-25 09:39:58,623: Epoch training time: 51.072537660598755
2023-11-25 09:39:58,623: Loss: 0.0528989929087072
2023-11-25 09:39:58,623: Accuracy: 98.46%
2023-11-25 09:40:01,522: Validation Loss: 0.06510905737483408
2023-11-25 09:40:01,522: Validation Accuracy: 97.87%
2023-11-25 09:40:54,602: Epoch training time: 53.08050870895386
2023-11-25 09:40:54,602: Loss: 0.04089681568040202
2023-11-25 09:40:54,603: Accuracy: 98.82%
2023-11-25 09:40:57,449: Validation Loss: 0.057078194349131084
2023-11-25 09:40:57,449: Validation Accuracy: 98.16%
2023-11-25 09:40:57,449: Total training time: 269.69924569129944
