2023-11-30 11:31:12,231: Alice is going insane!
2023-11-30 11:31:12,234: lr: 0.001
2023-11-30 11:31:12,234: momentum: 0.9
2023-11-30 11:31:13,146: Local Data Statistics:
2023-11-30 11:31:13,147: Dataset Size: 391.00
2023-11-30 11:31:36,360: Training mode - ON
2023-11-30 11:31:36,361: Training epoch
2023-11-30 11:31:59,385: Epoch training time: 23.023155689239502
2023-11-30 11:31:59,385: Loss: 2.299552921748832
2023-11-30 11:31:59,385: Accuracy: 10.73%
2023-11-30 11:31:59,385: Training mode - OFF
2023-11-30 11:31:59,385: Evaluation
2023-11-30 11:32:00,440: Validation Loss: 2.2951329388195956
2023-11-30 11:32:00,440: Validation Accuracy: 14.88%
2023-11-30 11:32:24,933: Training mode - ON
2023-11-30 11:32:24,934: Training epoch
2023-11-30 11:32:48,068: Epoch training time: 23.134242057800293
2023-11-30 11:32:48,069: Loss: 2.245542457341538
2023-11-30 11:32:48,069: Accuracy: 19.88%
2023-11-30 11:32:48,069: Training mode - OFF
2023-11-30 11:32:48,069: Evaluation
2023-11-30 11:32:49,164: Validation Loss: 2.1570305431945416
2023-11-30 11:32:49,164: Validation Accuracy: 20.90%
2023-11-30 11:33:13,088: Training mode - ON
2023-11-30 11:33:13,089: Training epoch
2023-11-30 11:33:36,481: Epoch training time: 23.391798734664917
2023-11-30 11:33:36,481: Loss: 2.04743126957008
2023-11-30 11:33:36,481: Accuracy: 25.39%
2023-11-30 11:33:36,481: Training mode - OFF
2023-11-30 11:33:36,482: Evaluation
2023-11-30 11:33:37,596: Validation Loss: 1.9854949697663513
2023-11-30 11:33:37,597: Validation Accuracy: 28.50%
2023-11-30 11:34:01,224: Training mode - ON
2023-11-30 11:34:01,225: Training epoch
2023-11-30 11:34:23,805: Epoch training time: 22.579342365264893
2023-11-30 11:34:23,805: Loss: 1.8913513897629954
2023-11-30 11:34:23,805: Accuracy: 30.92%
2023-11-30 11:34:23,805: Training mode - OFF
2023-11-30 11:34:23,806: Evaluation
2023-11-30 11:34:24,935: Validation Loss: 1.8433088320720046
2023-11-30 11:34:24,935: Validation Accuracy: 33.06%
2023-11-30 11:34:49,552: Training mode - ON
2023-11-30 11:34:49,553: Training epoch
2023-11-30 11:35:12,225: Epoch training time: 22.671987533569336
2023-11-30 11:35:12,225: Loss: 1.7590027026203283
2023-11-30 11:35:12,225: Accuracy: 36.10%
2023-11-30 11:35:12,225: Training mode - OFF
2023-11-30 11:35:12,225: Evaluation
2023-11-30 11:35:13,379: Validation Loss: 1.709386928172051
2023-11-30 11:35:13,379: Validation Accuracy: 37.30%
2023-11-30 11:35:37,074: Training mode - ON
2023-11-30 11:35:37,074: Training epoch
2023-11-30 11:35:59,621: Epoch training time: 22.546135663986206
2023-11-30 11:35:59,621: Loss: 1.656047185363672
2023-11-30 11:35:59,621: Accuracy: 39.52%
2023-11-30 11:35:59,621: Training mode - OFF
2023-11-30 11:35:59,622: Evaluation
2023-11-30 11:36:00,786: Validation Loss: 1.6394721933558016
2023-11-30 11:36:00,787: Validation Accuracy: 39.70%
2023-11-30 11:36:24,760: Training mode - ON
2023-11-30 11:36:24,760: Training epoch
2023-11-30 11:36:49,073: Epoch training time: 24.3122341632843
2023-11-30 11:36:49,073: Loss: 1.5880740621815557
2023-11-30 11:36:49,073: Accuracy: 42.03%
2023-11-30 11:36:49,073: Training mode - OFF
2023-11-30 11:36:49,074: Evaluation
2023-11-30 11:36:50,250: Validation Loss: 1.5879334196259705
2023-11-30 11:36:50,250: Validation Accuracy: 41.72%
2023-11-30 11:37:15,053: Training mode - ON
2023-11-30 11:37:15,053: Training epoch
2023-11-30 11:37:38,305: Epoch training time: 23.25208020210266
2023-11-30 11:37:38,306: Loss: 1.5313329196647
2023-11-30 11:37:38,306: Accuracy: 44.04%
2023-11-30 11:37:38,306: Training mode - OFF
2023-11-30 11:37:38,307: Evaluation
2023-11-30 11:37:39,576: Validation Loss: 1.5365198186681241
2023-11-30 11:37:39,576: Validation Accuracy: 43.42%
2023-11-30 11:38:04,197: Training mode - ON
2023-11-30 11:38:04,198: Training epoch
2023-11-30 11:38:26,777: Epoch training time: 22.578867435455322
2023-11-30 11:38:26,777: Loss: 1.4824772402453605
2023-11-30 11:38:26,777: Accuracy: 46.14%
2023-11-30 11:38:26,777: Training mode - OFF
2023-11-30 11:38:26,777: Evaluation
2023-11-30 11:38:27,956: Validation Loss: 1.488447156133531
2023-11-30 11:38:27,956: Validation Accuracy: 45.62%
2023-11-30 11:38:51,604: Training mode - ON
2023-11-30 11:38:51,605: Training epoch
2023-11-30 11:39:14,817: Epoch training time: 23.21152687072754
2023-11-30 11:39:14,817: Loss: 1.4395666101094706
2023-11-30 11:39:14,817: Accuracy: 47.75%
2023-11-30 11:39:14,817: Training mode - OFF
2023-11-30 11:39:14,817: Evaluation
2023-11-30 11:39:15,950: Validation Loss: 1.4433384137817575
2023-11-30 11:39:15,951: Validation Accuracy: 47.46%
2023-11-30 11:39:39,561: Training mode - ON
2023-11-30 11:39:39,561: Training epoch
2023-11-30 11:40:02,397: Epoch training time: 22.835206985473633
2023-11-30 11:40:02,397: Loss: 1.4030608728413692
2023-11-30 11:40:02,397: Accuracy: 49.27%
2023-11-30 11:40:02,397: Training mode - OFF
2023-11-30 11:40:02,397: Evaluation
2023-11-30 11:40:03,566: Validation Loss: 1.4105829951129383
2023-11-30 11:40:03,566: Validation Accuracy: 48.44%
2023-11-30 11:40:27,390: Training mode - ON
2023-11-30 11:40:27,391: Training epoch
2023-11-30 11:40:50,573: Epoch training time: 23.181440591812134
2023-11-30 11:40:50,573: Loss: 1.370684574479642
2023-11-30 11:40:50,573: Accuracy: 50.44%
2023-11-30 11:40:50,573: Training mode - OFF
2023-11-30 11:40:50,573: Evaluation
2023-11-30 11:40:51,726: Validation Loss: 1.3826186038270782
2023-11-30 11:40:51,726: Validation Accuracy: 49.44%
2023-11-30 11:41:15,467: Training mode - ON
2023-11-30 11:41:15,467: Training epoch
2023-11-30 11:41:38,232: Epoch training time: 22.764971017837524
2023-11-30 11:41:38,233: Loss: 1.341285747640273
2023-11-30 11:41:38,233: Accuracy: 51.51%
2023-11-30 11:41:38,233: Training mode - OFF
2023-11-30 11:41:38,233: Evaluation
2023-11-30 11:41:39,378: Validation Loss: 1.3579515052747122
2023-11-30 11:41:39,379: Validation Accuracy: 50.46%
2023-11-30 11:42:03,693: Training mode - ON
2023-11-30 11:42:03,694: Training epoch
2023-11-30 11:42:27,257: Epoch training time: 23.562605619430542
2023-11-30 11:42:27,257: Loss: 1.314353055203967
2023-11-30 11:42:27,257: Accuracy: 52.47%
2023-11-30 11:42:27,257: Training mode - OFF
2023-11-30 11:42:27,257: Evaluation
2023-11-30 11:42:28,425: Validation Loss: 1.3365792896174178
2023-11-30 11:42:28,425: Validation Accuracy: 51.46%
2023-11-30 11:42:51,638: Training mode - ON
2023-11-30 11:42:51,639: Training epoch
2023-11-30 11:43:14,652: Epoch training time: 23.012656211853027
2023-11-30 11:43:14,652: Loss: 1.2895374077055461
2023-11-30 11:43:14,652: Accuracy: 53.37%
2023-11-30 11:43:14,652: Training mode - OFF
2023-11-30 11:43:14,653: Evaluation
2023-11-30 11:43:15,857: Validation Loss: 1.316970650153824
2023-11-30 11:43:15,857: Validation Accuracy: 52.28%
2023-11-30 11:43:40,930: Training mode - ON
2023-11-30 11:43:40,931: Training epoch
2023-11-30 11:44:03,977: Epoch training time: 23.046143054962158
2023-11-30 11:44:03,977: Loss: 1.2660917176310058
2023-11-30 11:44:03,980: Accuracy: 54.36%
2023-11-30 11:44:03,980: Training mode - OFF
2023-11-30 11:44:03,981: Evaluation
2023-11-30 11:44:05,284: Validation Loss: 1.3004651461975485
2023-11-30 11:44:05,284: Validation Accuracy: 52.92%
2023-11-30 11:44:29,903: Training mode - ON
2023-11-30 11:44:29,904: Training epoch
2023-11-30 11:44:52,389: Epoch training time: 22.48465394973755
2023-11-30 11:44:52,389: Loss: 1.2438109512524227
2023-11-30 11:44:52,389: Accuracy: 55.20%
2023-11-30 11:44:52,389: Training mode - OFF
2023-11-30 11:44:52,390: Evaluation
2023-11-30 11:44:53,593: Validation Loss: 1.2848471976533722
2023-11-30 11:44:53,593: Validation Accuracy: 53.34%
2023-11-30 11:45:18,651: Training mode - ON
2023-11-30 11:45:18,652: Training epoch
2023-11-30 11:45:41,817: Epoch training time: 23.164613485336304
2023-11-30 11:45:41,817: Loss: 1.2215965089895535
2023-11-30 11:45:41,817: Accuracy: 56.13%
2023-11-30 11:45:41,817: Training mode - OFF
2023-11-30 11:45:41,817: Evaluation
2023-11-30 11:45:43,032: Validation Loss: 1.2684213941610312
2023-11-30 11:45:43,032: Validation Accuracy: 54.04%
2023-11-30 11:46:06,683: Training mode - ON
2023-11-30 11:46:06,684: Training epoch
2023-11-30 11:46:29,629: Epoch training time: 22.944397449493408
2023-11-30 11:46:29,629: Loss: 1.2003513977045903
2023-11-30 11:46:29,629: Accuracy: 56.89%
2023-11-30 11:46:29,629: Training mode - OFF
2023-11-30 11:46:29,629: Evaluation
2023-11-30 11:46:30,767: Validation Loss: 1.2562204425847983
2023-11-30 11:46:30,767: Validation Accuracy: 54.86%
2023-11-30 11:46:55,190: Training mode - ON
2023-11-30 11:46:55,191: Training epoch
2023-11-30 11:47:17,201: Epoch training time: 22.009906768798828
2023-11-30 11:47:17,201: Loss: 1.1799249831977707
2023-11-30 11:47:17,201: Accuracy: 57.69%
2023-11-30 11:47:17,201: Training mode - OFF
2023-11-30 11:47:17,202: Evaluation
2023-11-30 11:47:18,387: Validation Loss: 1.2443281623381603
2023-11-30 11:47:18,387: Validation Accuracy: 55.62%
