2023-11-30 11:31:12,227: Alice is going insane!
2023-11-30 11:31:12,231: lr: 0.001
2023-11-30 11:31:12,231: momentum: 0.9
2023-11-30 11:31:13,148: Local Data Statistics:
2023-11-30 11:31:13,149: Dataset Size: 391.00
2023-11-30 11:31:13,149: Training mode - ON
2023-11-30 11:31:13,151: Training epoch
2023-11-30 11:31:35,309: Epoch training time: 22.157745599746704
2023-11-30 11:31:35,309: Loss: 2.3021961453625615
2023-11-30 11:31:35,309: Accuracy: 10.35%
2023-11-30 11:31:35,309: Training mode - OFF
2023-11-30 11:31:35,309: Evaluation
2023-11-30 11:31:36,359: Validation Loss: 2.3001725432239
2023-11-30 11:31:36,359: Validation Accuracy: 10.80%
2023-11-30 11:32:00,441: Training mode - ON
2023-11-30 11:32:00,441: Training epoch
2023-11-30 11:32:23,829: Epoch training time: 23.387049198150635
2023-11-30 11:32:23,829: Loss: 2.28903960327968
2023-11-30 11:32:23,829: Accuracy: 15.36%
2023-11-30 11:32:23,829: Training mode - OFF
2023-11-30 11:32:23,829: Evaluation
2023-11-30 11:32:24,932: Validation Loss: 2.2712530667268775
2023-11-30 11:32:24,933: Validation Accuracy: 18.78%
2023-11-30 11:32:49,165: Training mode - ON
2023-11-30 11:32:49,166: Training epoch
2023-11-30 11:33:11,986: Epoch training time: 22.82040286064148
2023-11-30 11:33:11,986: Loss: 2.141840549990954
2023-11-30 11:33:11,986: Accuracy: 22.55%
2023-11-30 11:33:11,986: Training mode - OFF
2023-11-30 11:33:11,987: Evaluation
2023-11-30 11:33:13,087: Validation Loss: 2.0503007822398898
2023-11-30 11:33:13,087: Validation Accuracy: 25.76%
2023-11-30 11:33:37,597: Training mode - ON
2023-11-30 11:33:37,598: Training epoch
2023-11-30 11:34:00,125: Epoch training time: 22.526336431503296
2023-11-30 11:34:00,125: Loss: 1.9733234003681661
2023-11-30 11:34:00,125: Accuracy: 28.04%
2023-11-30 11:34:00,125: Training mode - OFF
2023-11-30 11:34:00,125: Evaluation
2023-11-30 11:34:01,223: Validation Loss: 1.8969338211832167
2023-11-30 11:34:01,224: Validation Accuracy: 30.82%
2023-11-30 11:34:24,936: Training mode - ON
2023-11-30 11:34:24,937: Training epoch
2023-11-30 11:34:48,461: Epoch training time: 23.523484468460083
2023-11-30 11:34:48,461: Loss: 1.8351819493886454
2023-11-30 11:34:48,461: Accuracy: 33.12%
2023-11-30 11:34:48,461: Training mode - OFF
2023-11-30 11:34:48,462: Evaluation
2023-11-30 11:34:49,551: Validation Loss: 1.7535749372047713
2023-11-30 11:34:49,551: Validation Accuracy: 36.54%
2023-11-30 11:35:13,380: Training mode - ON
2023-11-30 11:35:13,381: Training epoch
2023-11-30 11:35:36,043: Epoch training time: 22.662121772766113
2023-11-30 11:35:36,043: Loss: 1.711997455343261
2023-11-30 11:35:36,043: Accuracy: 37.44%
2023-11-30 11:35:36,043: Training mode - OFF
2023-11-30 11:35:36,044: Evaluation
2023-11-30 11:35:37,073: Validation Loss: 1.6424152881284304
2023-11-30 11:35:37,073: Validation Accuracy: 39.94%
2023-11-30 11:36:00,787: Training mode - ON
2023-11-30 11:36:00,788: Training epoch
2023-11-30 11:36:23,641: Epoch training time: 22.852641582489014
2023-11-30 11:36:23,641: Loss: 1.6302556430592257
2023-11-30 11:36:23,641: Accuracy: 40.36%
2023-11-30 11:36:23,641: Training mode - OFF
2023-11-30 11:36:23,642: Evaluation
2023-11-30 11:36:24,758: Validation Loss: 1.5751759402359589
2023-11-30 11:36:24,759: Validation Accuracy: 42.46%
2023-11-30 11:36:50,251: Training mode - ON
2023-11-30 11:36:50,252: Training epoch
2023-11-30 11:37:13,905: Epoch training time: 23.652601718902588
2023-11-30 11:37:13,905: Loss: 1.5695377164484594
2023-11-30 11:37:13,905: Accuracy: 42.75%
2023-11-30 11:37:13,905: Training mode - OFF
2023-11-30 11:37:13,905: Evaluation
2023-11-30 11:37:15,052: Validation Loss: 1.5194333489937117
2023-11-30 11:37:15,052: Validation Accuracy: 44.30%
2023-11-30 11:37:39,577: Training mode - ON
2023-11-30 11:37:39,577: Training epoch
2023-11-30 11:38:02,964: Epoch training time: 23.386414289474487
2023-11-30 11:38:02,964: Loss: 1.51850713884739
2023-11-30 11:38:02,964: Accuracy: 44.59%
2023-11-30 11:38:02,964: Training mode - OFF
2023-11-30 11:38:02,965: Evaluation
2023-11-30 11:38:04,196: Validation Loss: 1.4736922330494169
2023-11-30 11:38:04,196: Validation Accuracy: 45.62%
2023-11-30 11:38:27,957: Training mode - ON
2023-11-30 11:38:27,958: Training epoch
2023-11-30 11:38:50,492: Epoch training time: 22.534656286239624
2023-11-30 11:38:50,493: Loss: 1.4747290669194877
2023-11-30 11:38:50,493: Accuracy: 46.31%
2023-11-30 11:38:50,493: Training mode - OFF
2023-11-30 11:38:50,493: Evaluation
2023-11-30 11:38:51,603: Validation Loss: 1.4367750490768045
2023-11-30 11:38:51,603: Validation Accuracy: 47.38%
2023-11-30 11:39:15,951: Training mode - ON
2023-11-30 11:39:15,952: Training epoch
2023-11-30 11:39:38,457: Epoch training time: 22.504443645477295
2023-11-30 11:39:38,457: Loss: 1.4365027088033573
2023-11-30 11:39:38,457: Accuracy: 47.87%
2023-11-30 11:39:38,457: Training mode - OFF
2023-11-30 11:39:38,458: Evaluation
2023-11-30 11:39:39,560: Validation Loss: 1.4038381440730034
2023-11-30 11:39:39,560: Validation Accuracy: 49.04%
2023-11-30 11:40:03,567: Training mode - ON
2023-11-30 11:40:03,567: Training epoch
2023-11-30 11:40:26,305: Epoch training time: 22.737059116363525
2023-11-30 11:40:26,305: Loss: 1.4024920024530356
2023-11-30 11:40:26,305: Accuracy: 49.30%
2023-11-30 11:40:26,305: Training mode - OFF
2023-11-30 11:40:26,305: Evaluation
2023-11-30 11:40:27,389: Validation Loss: 1.3745174468318118
2023-11-30 11:40:27,389: Validation Accuracy: 50.12%
2023-11-30 11:40:51,727: Training mode - ON
2023-11-30 11:40:51,728: Training epoch
2023-11-30 11:41:14,365: Epoch training time: 22.636573791503906
2023-11-30 11:41:14,365: Loss: 1.3721928806865917
2023-11-30 11:41:14,365: Accuracy: 50.36%
2023-11-30 11:41:14,365: Training mode - OFF
2023-11-30 11:41:14,365: Evaluation
2023-11-30 11:41:15,466: Validation Loss: 1.3492010756383968
2023-11-30 11:41:15,466: Validation Accuracy: 51.12%
2023-11-30 11:41:39,379: Training mode - ON
2023-11-30 11:41:39,380: Training epoch
2023-11-30 11:42:02,573: Epoch training time: 23.192246198654175
2023-11-30 11:42:02,573: Loss: 1.3440007815885422
2023-11-30 11:42:02,573: Accuracy: 51.54%
2023-11-30 11:42:02,573: Training mode - OFF
2023-11-30 11:42:02,573: Evaluation
2023-11-30 11:42:03,692: Validation Loss: 1.3279788101775736
2023-11-30 11:42:03,692: Validation Accuracy: 52.16%
2023-11-30 11:42:28,426: Training mode - ON
2023-11-30 11:42:28,427: Training epoch
2023-11-30 11:42:50,521: Epoch training time: 22.093498706817627
2023-11-30 11:42:50,521: Loss: 1.3185730916459848
2023-11-30 11:42:50,521: Accuracy: 52.56%
2023-11-30 11:42:50,521: Training mode - OFF
2023-11-30 11:42:50,522: Evaluation
2023-11-30 11:42:51,637: Validation Loss: 1.3087315197232403
2023-11-30 11:42:51,638: Validation Accuracy: 53.42%
2023-11-30 11:43:15,858: Training mode - ON
2023-11-30 11:43:15,858: Training epoch
2023-11-30 11:43:39,757: Epoch training time: 23.898263454437256
2023-11-30 11:43:39,757: Loss: 1.2947051336088449
2023-11-30 11:43:39,757: Accuracy: 53.65%
2023-11-30 11:43:39,757: Training mode - OFF
2023-11-30 11:43:39,758: Evaluation
2023-11-30 11:43:40,929: Validation Loss: 1.2930080181435695
2023-11-30 11:43:40,929: Validation Accuracy: 54.42%
2023-11-30 11:44:05,285: Training mode - ON
2023-11-30 11:44:05,286: Training epoch
2023-11-30 11:44:28,761: Epoch training time: 23.474889516830444
2023-11-30 11:44:28,761: Loss: 1.2717580792239256
2023-11-30 11:44:28,761: Accuracy: 54.49%
2023-11-30 11:44:28,761: Training mode - OFF
2023-11-30 11:44:28,762: Evaluation
2023-11-30 11:44:29,902: Validation Loss: 1.2771272357506087
2023-11-30 11:44:29,902: Validation Accuracy: 55.06%
2023-11-30 11:44:53,594: Training mode - ON
2023-11-30 11:44:53,595: Training epoch
2023-11-30 11:45:17,434: Epoch training time: 23.838975191116333
2023-11-30 11:45:17,434: Loss: 1.24960584332571
2023-11-30 11:45:17,434: Accuracy: 55.28%
2023-11-30 11:45:17,434: Training mode - OFF
2023-11-30 11:45:17,435: Evaluation
2023-11-30 11:45:18,650: Validation Loss: 1.263079705117624
2023-11-30 11:45:18,650: Validation Accuracy: 55.38%
2023-11-30 11:45:43,033: Training mode - ON
2023-11-30 11:45:43,033: Training epoch
2023-11-30 11:46:05,597: Epoch training time: 22.563320875167847
2023-11-30 11:46:05,597: Loss: 1.2279734640475124
2023-11-30 11:46:05,597: Accuracy: 55.92%
2023-11-30 11:46:05,597: Training mode - OFF
2023-11-30 11:46:05,598: Evaluation
2023-11-30 11:46:06,683: Validation Loss: 1.2489190742939333
2023-11-30 11:46:06,683: Validation Accuracy: 55.74%
2023-11-30 11:46:30,768: Training mode - ON
2023-11-30 11:46:30,769: Training epoch
2023-11-30 11:46:54,097: Epoch training time: 23.327962636947632
2023-11-30 11:46:54,097: Loss: 1.2067904929675715
2023-11-30 11:46:54,097: Accuracy: 56.82%
2023-11-30 11:46:54,097: Training mode - OFF
2023-11-30 11:46:54,098: Evaluation
2023-11-30 11:46:55,189: Validation Loss: 1.2375312364554103
2023-11-30 11:46:55,189: Validation Accuracy: 56.36%
