2023-12-10 15:42:33,643: Training dataset size: 50000
2023-12-10 15:42:33,643: Testing dataset size: 10000
2023-12-10 15:42:59,985: Epoch training time: 26.341464281082153
2023-12-10 15:42:59,985: Loss: 1.6952181420230865
2023-12-10 15:42:59,985: Accuracy: 37.35%
2023-12-10 15:43:01,474: Validation Loss: 1.4531453234553338
2023-12-10 15:43:01,474: Validation Accuracy: 47.13%
2023-12-10 15:43:29,045: Epoch training time: 27.571449756622314
2023-12-10 15:43:29,046: Loss: 1.334359625865221
2023-12-10 15:43:29,046: Accuracy: 52.07%
2023-12-10 15:43:32,180: Validation Loss: 1.2914138038277625
2023-12-10 15:43:32,181: Validation Accuracy: 53.48%
2023-12-10 15:43:53,073: Epoch training time: 20.891178846359253
2023-12-10 15:43:53,073: Loss: 1.1994000053742528
2023-12-10 15:43:53,074: Accuracy: 57.60%
2023-12-10 15:43:54,661: Validation Loss: 1.187129240499437
2023-12-10 15:43:54,661: Validation Accuracy: 57.92%
2023-12-10 15:44:14,742: Epoch training time: 20.081514835357666
2023-12-10 15:44:14,742: Loss: 1.1014169146483392
2023-12-10 15:44:14,743: Accuracy: 61.09%
2023-12-10 15:44:16,457: Validation Loss: 1.1768735440410674
2023-12-10 15:44:16,457: Validation Accuracy: 59.06%
2023-12-10 15:44:44,378: Epoch training time: 27.92035937309265
2023-12-10 15:44:44,378: Loss: 1.0243203095646576
2023-12-10 15:44:44,378: Accuracy: 63.70%
2023-12-10 15:44:46,065: Validation Loss: 1.1659837628640235
2023-12-10 15:44:46,065: Validation Accuracy: 59.43%
2023-12-10 15:45:14,006: Epoch training time: 27.940703630447388
2023-12-10 15:45:14,006: Loss: 0.9670786632551253
2023-12-10 15:45:14,007: Accuracy: 65.94%
2023-12-10 15:45:15,678: Validation Loss: 1.1456850164610892
2023-12-10 15:45:15,679: Validation Accuracy: 61.26%
2023-12-10 15:45:32,271: Epoch training time: 16.592284679412842
2023-12-10 15:45:32,271: Loss: 0.9209581780941598
2023-12-10 15:45:32,271: Accuracy: 67.52%
2023-12-10 15:45:34,051: Validation Loss: 1.1719383897848428
2023-12-10 15:45:34,051: Validation Accuracy: 61.25%
2023-12-10 15:46:05,909: Epoch training time: 31.8575382232666
2023-12-10 15:46:05,909: Loss: 0.8840402963003516
2023-12-10 15:46:05,909: Accuracy: 68.62%
2023-12-10 15:46:09,044: Validation Loss: 1.1999638511125
2023-12-10 15:46:09,044: Validation Accuracy: 60.35%
2023-12-10 15:46:40,178: Epoch training time: 31.13359522819519
2023-12-10 15:46:40,179: Loss: 0.8508915776402504
2023-12-10 15:46:40,179: Accuracy: 69.59%
2023-12-10 15:46:43,373: Validation Loss: 1.2420821650631726
2023-12-10 15:46:43,373: Validation Accuracy: 60.22%
2023-12-10 15:47:13,585: Epoch training time: 30.211970567703247
2023-12-10 15:47:13,586: Loss: 0.8211184741996881
2023-12-10 15:47:13,586: Accuracy: 70.80%
2023-12-10 15:47:16,961: Validation Loss: 1.258959752076911
2023-12-10 15:47:16,961: Validation Accuracy: 59.46%
2023-12-10 15:47:16,962: Total training time: 260.5420594215393
