2023-12-07 17:41:53,946: Alice is going insane!
2023-12-07 17:41:53,949: lr: 0.001
2023-12-07 17:41:53,949: momentum: 0.9
2023-12-07 17:41:54,629: Local Data Statistics:
2023-12-07 17:41:54,629: Dataset Size: 196.00
2023-12-07 17:45:17,937: Training mode - ON
2023-12-07 17:45:17,939: Training epoch
2023-12-07 17:48:18,314: Epoch training time: 180.37510633468628
2023-12-07 17:48:18,314: Loss: 1.6444454606698484
2023-12-07 17:48:18,314: Accuracy: 38.27%
2023-12-07 17:48:18,314: Data transmitted to server: 1562.5MB
2023-12-07 17:48:18,314: Data transmitted to client: 6.103515625MB
2023-12-07 17:48:18,314: Training mode - OFF
2023-12-07 17:48:18,315: Evaluation
2023-12-07 17:48:26,975: Validation Loss: 1.9300225973129272
2023-12-07 17:48:26,975: Validation Accuracy: 32.54%
2023-12-07 17:51:42,146: Training mode - ON
2023-12-07 17:51:42,147: Training epoch
2023-12-07 17:54:45,640: Epoch training time: 183.49300360679626
2023-12-07 17:54:45,640: Loss: 1.4054751213716001
2023-12-07 17:54:45,640: Accuracy: 48.60%
2023-12-07 17:54:45,640: Data transmitted to server: 1562.5MB
2023-12-07 17:54:45,640: Data transmitted to client: 6.103515625MB
2023-12-07 17:54:45,641: Training mode - OFF
2023-12-07 17:54:45,642: Evaluation
2023-12-07 17:54:54,304: Validation Loss: 1.4896459817886352
2023-12-07 17:54:54,304: Validation Accuracy: 46.16%
2023-12-07 17:58:00,379: Training mode - ON
2023-12-07 17:58:00,381: Training epoch
2023-12-07 18:00:58,926: Epoch training time: 178.54517006874084
2023-12-07 18:00:58,926: Loss: 1.2497447540565414
2023-12-07 18:00:58,926: Accuracy: 54.98%
2023-12-07 18:00:58,926: Data transmitted to server: 1562.5MB
2023-12-07 18:00:58,926: Data transmitted to client: 6.103515625MB
2023-12-07 18:00:58,926: Training mode - OFF
2023-12-07 18:00:58,927: Evaluation
2023-12-07 18:01:07,562: Validation Loss: 1.3056341156363487
2023-12-07 18:01:07,562: Validation Accuracy: 51.96%
2023-12-07 18:04:15,057: Training mode - ON
2023-12-07 18:04:15,058: Training epoch
2023-12-07 18:07:22,016: Epoch training time: 186.95782470703125
2023-12-07 18:07:22,016: Loss: 1.1226095967755025
2023-12-07 18:07:22,016: Accuracy: 59.76%
2023-12-07 18:07:22,016: Data transmitted to server: 1562.5MB
2023-12-07 18:07:22,016: Data transmitted to client: 6.103515625MB
2023-12-07 18:07:22,017: Training mode - OFF
2023-12-07 18:07:22,018: Evaluation
2023-12-07 18:07:31,357: Validation Loss: 1.1955910205841065
2023-12-07 18:07:31,357: Validation Accuracy: 56.18%
2023-12-07 18:10:46,175: Training mode - ON
2023-12-07 18:10:46,201: Training epoch
2023-12-07 18:13:50,224: Epoch training time: 184.02249121665955
2023-12-07 18:13:50,224: Loss: 1.0202676264607176
2023-12-07 18:13:50,224: Accuracy: 63.82%
2023-12-07 18:13:50,224: Data transmitted to server: 1562.5MB
2023-12-07 18:13:50,224: Data transmitted to client: 6.103515625MB
2023-12-07 18:13:50,224: Training mode - OFF
2023-12-07 18:13:50,225: Evaluation
2023-12-07 18:13:58,814: Validation Loss: 1.0244146540760994
2023-12-07 18:13:58,814: Validation Accuracy: 63.28%
2023-12-07 18:17:07,257: Training mode - ON
2023-12-07 18:17:07,258: Training epoch
2023-12-07 18:20:05,013: Epoch training time: 177.75525879859924
2023-12-07 18:20:05,014: Loss: 0.9353539487537073
2023-12-07 18:20:05,014: Accuracy: 66.86%
2023-12-07 18:20:05,014: Data transmitted to server: 1562.5MB
2023-12-07 18:20:05,014: Data transmitted to client: 6.103515625MB
2023-12-07 18:20:05,014: Training mode - OFF
2023-12-07 18:20:05,015: Evaluation
2023-12-07 18:20:13,586: Validation Loss: 1.0366730727255344
2023-12-07 18:20:13,586: Validation Accuracy: 62.64%
2023-12-07 18:23:20,017: Training mode - ON
2023-12-07 18:23:20,018: Training epoch
2023-12-07 18:26:20,388: Epoch training time: 180.36949038505554
2023-12-07 18:26:20,388: Loss: 0.8694712185129827
2023-12-07 18:26:20,388: Accuracy: 69.45%
2023-12-07 18:26:20,388: Data transmitted to server: 1562.5MB
2023-12-07 18:26:20,388: Data transmitted to client: 6.103515625MB
2023-12-07 18:26:20,388: Training mode - OFF
2023-12-07 18:26:20,389: Evaluation
2023-12-07 18:26:28,925: Validation Loss: 0.9524365402758121
2023-12-07 18:26:28,925: Validation Accuracy: 66.14%
2023-12-07 18:29:38,279: Training mode - ON
2023-12-07 18:29:38,281: Training epoch
2023-12-07 18:32:37,810: Epoch training time: 179.52933311462402
2023-12-07 18:32:37,810: Loss: 0.8114540291075804
2023-12-07 18:32:37,810: Accuracy: 71.38%
2023-12-07 18:32:37,810: Data transmitted to server: 1562.5MB
2023-12-07 18:32:37,810: Data transmitted to client: 6.103515625MB
2023-12-07 18:32:37,810: Training mode - OFF
2023-12-07 18:32:37,811: Evaluation
2023-12-07 18:32:46,309: Validation Loss: 0.9273152433335781
2023-12-07 18:32:46,309: Validation Accuracy: 67.58%
2023-12-07 18:35:55,396: Training mode - ON
2023-12-07 18:35:55,397: Training epoch
2023-12-07 18:38:55,128: Epoch training time: 179.73059391975403
2023-12-07 18:38:55,128: Loss: 0.763110411410429
2023-12-07 18:38:55,128: Accuracy: 73.22%
2023-12-07 18:38:55,128: Data transmitted to server: 1562.5MB
2023-12-07 18:38:55,128: Data transmitted to client: 6.103515625MB
2023-12-07 18:38:55,128: Training mode - OFF
2023-12-07 18:38:55,129: Evaluation
2023-12-07 18:39:03,707: Validation Loss: 0.8073244407773018
2023-12-07 18:39:03,707: Validation Accuracy: 71.84%
2023-12-07 18:42:13,211: Training mode - ON
2023-12-07 18:42:13,212: Training epoch
2023-12-07 18:45:17,169: Epoch training time: 183.9572615623474
2023-12-07 18:45:17,169: Loss: 0.7212335293998524
2023-12-07 18:45:17,169: Accuracy: 74.89%
2023-12-07 18:45:17,169: Data transmitted to server: 1562.5MB
2023-12-07 18:45:17,170: Data transmitted to client: 6.103515625MB
2023-12-07 18:45:17,170: Training mode - OFF
2023-12-07 18:45:17,171: Evaluation
2023-12-07 18:45:25,832: Validation Loss: 0.7748878471553325
2023-12-07 18:45:25,833: Validation Accuracy: 73.04%
2023-12-07 18:48:35,763: Training mode - ON
2023-12-07 18:48:35,764: Training epoch
2023-12-07 18:51:34,150: Epoch training time: 178.38583874702454
2023-12-07 18:51:34,150: Loss: 0.6885546791006107
2023-12-07 18:51:34,150: Accuracy: 75.87%
2023-12-07 18:51:34,150: Data transmitted to server: 1562.5MB
2023-12-07 18:51:34,151: Data transmitted to client: 6.103515625MB
2023-12-07 18:51:34,151: Training mode - OFF
2023-12-07 18:51:34,152: Evaluation
2023-12-07 18:51:42,741: Validation Loss: 0.7688878737390041
2023-12-07 18:51:42,741: Validation Accuracy: 73.32%
2023-12-07 18:54:50,615: Training mode - ON
2023-12-07 18:54:50,616: Training epoch
2023-12-07 18:57:49,666: Epoch training time: 179.04986596107483
2023-12-07 18:57:49,666: Loss: 0.6490475792361765
2023-12-07 18:57:49,666: Accuracy: 77.20%
2023-12-07 18:57:49,666: Data transmitted to server: 1562.5MB
2023-12-07 18:57:49,666: Data transmitted to client: 6.103515625MB
2023-12-07 18:57:49,666: Training mode - OFF
2023-12-07 18:57:49,668: Evaluation
2023-12-07 18:57:58,271: Validation Loss: 0.7458997391164303
2023-12-07 18:57:58,272: Validation Accuracy: 74.32%
2023-12-07 19:01:06,333: Training mode - ON
2023-12-07 19:01:06,334: Training epoch
2023-12-07 19:04:08,774: Epoch training time: 182.43963646888733
2023-12-07 19:04:08,774: Loss: 0.6127511804201164
2023-12-07 19:04:08,774: Accuracy: 78.29%
2023-12-07 19:04:08,774: Data transmitted to server: 1562.5MB
2023-12-07 19:04:08,774: Data transmitted to client: 6.103515625MB
2023-12-07 19:04:08,774: Training mode - OFF
2023-12-07 19:04:08,776: Evaluation
2023-12-07 19:04:17,322: Validation Loss: 0.7185085490345955
2023-12-07 19:04:17,322: Validation Accuracy: 74.66%
2023-12-07 19:07:27,124: Training mode - ON
2023-12-07 19:07:27,125: Training epoch
2023-12-07 19:10:27,522: Epoch training time: 180.3966338634491
2023-12-07 19:10:27,522: Loss: 0.5916409469684776
2023-12-07 19:10:27,522: Accuracy: 79.26%
2023-12-07 19:10:27,522: Data transmitted to server: 1562.5MB
2023-12-07 19:10:27,522: Data transmitted to client: 6.103515625MB
2023-12-07 19:10:27,522: Training mode - OFF
2023-12-07 19:10:27,524: Evaluation
2023-12-07 19:10:36,093: Validation Loss: 0.6931009195744992
2023-12-07 19:10:36,093: Validation Accuracy: 76.54%
2023-12-07 19:13:46,017: Training mode - ON
2023-12-07 19:13:46,018: Training epoch
2023-12-07 19:16:47,377: Epoch training time: 181.35868430137634
2023-12-07 19:16:47,377: Loss: 0.5640363075903484
2023-12-07 19:16:47,377: Accuracy: 80.44%
2023-12-07 19:16:47,377: Data transmitted to server: 1562.5MB
2023-12-07 19:16:47,377: Data transmitted to client: 6.103515625MB
2023-12-07 19:16:47,377: Training mode - OFF
2023-12-07 19:16:47,378: Evaluation
2023-12-07 19:16:56,039: Validation Loss: 0.7011987626552582
2023-12-07 19:16:56,040: Validation Accuracy: 76.04%
2023-12-07 19:20:03,633: Training mode - ON
2023-12-07 19:20:03,634: Training epoch
2023-12-07 19:23:04,062: Epoch training time: 180.42707538604736
2023-12-07 19:23:04,062: Loss: 0.5337352509401283
2023-12-07 19:23:04,062: Accuracy: 81.47%
2023-12-07 19:23:04,062: Data transmitted to server: 1562.5MB
2023-12-07 19:23:04,062: Data transmitted to client: 6.103515625MB
2023-12-07 19:23:04,062: Training mode - OFF
2023-12-07 19:23:04,063: Evaluation
2023-12-07 19:23:12,613: Validation Loss: 0.7108159326016903
2023-12-07 19:23:12,613: Validation Accuracy: 75.32%
2023-12-07 19:26:26,606: Training mode - ON
2023-12-07 19:26:26,607: Training epoch
2023-12-07 19:29:29,139: Epoch training time: 182.53215217590332
2023-12-07 19:29:29,139: Loss: 0.524806200241556
2023-12-07 19:29:29,140: Accuracy: 81.39%
2023-12-07 19:29:29,140: Data transmitted to server: 1562.5MB
2023-12-07 19:29:29,140: Data transmitted to client: 6.103515625MB
2023-12-07 19:29:29,140: Training mode - OFF
2023-12-07 19:29:29,141: Evaluation
2023-12-07 19:29:37,684: Validation Loss: 0.7299164138734341
2023-12-07 19:29:37,685: Validation Accuracy: 75.70%
2023-12-07 19:32:45,849: Training mode - ON
2023-12-07 19:32:45,850: Training epoch
2023-12-07 19:35:42,954: Epoch training time: 177.1037847995758
2023-12-07 19:35:42,954: Loss: 0.5015437665338419
2023-12-07 19:35:42,954: Accuracy: 82.58%
2023-12-07 19:35:42,954: Data transmitted to server: 1562.5MB
2023-12-07 19:35:42,954: Data transmitted to client: 6.103515625MB
2023-12-07 19:35:42,954: Training mode - OFF
2023-12-07 19:35:42,955: Evaluation
2023-12-07 19:35:51,479: Validation Loss: 0.6568266518414021
2023-12-07 19:35:51,479: Validation Accuracy: 77.50%
2023-12-07 19:38:59,766: Training mode - ON
2023-12-07 19:38:59,767: Training epoch
2023-12-07 19:41:59,891: Epoch training time: 180.12432289123535
2023-12-07 19:41:59,891: Loss: 0.4845496513405625
2023-12-07 19:41:59,891: Accuracy: 82.93%
2023-12-07 19:41:59,891: Data transmitted to server: 1562.5MB
2023-12-07 19:41:59,891: Data transmitted to client: 6.103515625MB
2023-12-07 19:41:59,891: Training mode - OFF
2023-12-07 19:41:59,893: Evaluation
2023-12-07 19:42:08,486: Validation Loss: 0.6671545311808587
2023-12-07 19:42:08,486: Validation Accuracy: 77.36%
2023-12-07 19:45:15,753: Training mode - ON
2023-12-07 19:45:15,754: Training epoch
2023-12-07 19:48:16,108: Epoch training time: 180.35358381271362
2023-12-07 19:48:16,108: Loss: 0.4642792094726952
2023-12-07 19:48:16,108: Accuracy: 83.97%
2023-12-07 19:48:16,108: Data transmitted to server: 1562.5MB
2023-12-07 19:48:16,108: Data transmitted to client: 6.103515625MB
2023-12-07 19:48:16,108: Training mode - OFF
2023-12-07 19:48:16,109: Evaluation
2023-12-07 19:48:24,726: Validation Loss: 0.6945633538067341
2023-12-07 19:48:24,726: Validation Accuracy: 76.90%
