2023-12-07 17:41:53,941: Alice is going insane!
2023-12-07 17:41:53,945: lr: 0.001
2023-12-07 17:41:53,945: momentum: 0.9
2023-12-07 17:41:54,862: Local Data Statistics:
2023-12-07 17:41:54,862: Dataset Size: 196.00
2023-12-07 17:41:54,863: Training mode - ON
2023-12-07 17:41:54,864: Training epoch
2023-12-07 17:45:08,777: Epoch training time: 193.91252064704895
2023-12-07 17:45:08,777: Loss: 1.9085830900133873
2023-12-07 17:45:08,777: Accuracy: 27.93%
2023-12-07 17:45:08,777: Data transmitted to server: 1562.5MB
2023-12-07 17:45:08,777: Data transmitted to client: 6.103515625MB
2023-12-07 17:45:08,777: Training mode - OFF
2023-12-07 17:45:08,779: Evaluation
2023-12-07 17:45:17,935: Validation Loss: 1.7361403048038482
2023-12-07 17:45:17,935: Validation Accuracy: 33.38%
2023-12-07 17:48:26,976: Training mode - ON
2023-12-07 17:48:26,977: Training epoch
2023-12-07 17:51:33,386: Epoch training time: 186.40912580490112
2023-12-07 17:51:33,386: Loss: 1.4944530549098034
2023-12-07 17:51:33,386: Accuracy: 44.70%
2023-12-07 17:51:33,386: Data transmitted to server: 1562.5MB
2023-12-07 17:51:33,387: Data transmitted to client: 6.103515625MB
2023-12-07 17:51:33,387: Training mode - OFF
2023-12-07 17:51:33,388: Evaluation
2023-12-07 17:51:42,145: Validation Loss: 1.429735666513443
2023-12-07 17:51:42,145: Validation Accuracy: 46.36%
2023-12-07 17:54:54,305: Training mode - ON
2023-12-07 17:54:54,306: Training epoch
2023-12-07 17:57:51,791: Epoch training time: 177.4846897125244
2023-12-07 17:57:51,791: Loss: 1.313276012333072
2023-12-07 17:57:51,791: Accuracy: 52.30%
2023-12-07 17:57:51,791: Data transmitted to server: 1562.5MB
2023-12-07 17:57:51,792: Data transmitted to client: 6.103515625MB
2023-12-07 17:57:51,792: Training mode - OFF
2023-12-07 17:57:51,793: Evaluation
2023-12-07 17:58:00,378: Validation Loss: 1.2852784022688866
2023-12-07 17:58:00,378: Validation Accuracy: 52.82%
2023-12-07 18:01:07,563: Training mode - ON
2023-12-07 18:01:07,564: Training epoch
2023-12-07 18:04:06,410: Epoch training time: 178.84637308120728
2023-12-07 18:04:06,411: Loss: 1.1759215064194737
2023-12-07 18:04:06,411: Accuracy: 57.50%
2023-12-07 18:04:06,411: Data transmitted to server: 1562.5MB
2023-12-07 18:04:06,411: Data transmitted to client: 6.103515625MB
2023-12-07 18:04:06,411: Training mode - OFF
2023-12-07 18:04:06,412: Evaluation
2023-12-07 18:04:15,056: Validation Loss: 1.1785013392567634
2023-12-07 18:04:15,056: Validation Accuracy: 57.16%
2023-12-07 18:07:31,358: Training mode - ON
2023-12-07 18:07:31,360: Training epoch
2023-12-07 18:10:37,433: Epoch training time: 186.07277369499207
2023-12-07 18:10:37,433: Loss: 1.057912448231055
2023-12-07 18:10:37,433: Accuracy: 62.20%
2023-12-07 18:10:37,433: Data transmitted to server: 1562.5MB
2023-12-07 18:10:37,433: Data transmitted to client: 6.103515625MB
2023-12-07 18:10:37,433: Training mode - OFF
2023-12-07 18:10:37,434: Evaluation
2023-12-07 18:10:46,138: Validation Loss: 1.0916966676712037
2023-12-07 18:10:46,138: Validation Accuracy: 60.28%
2023-12-07 18:13:58,815: Training mode - ON
2023-12-07 18:13:58,816: Training epoch
2023-12-07 18:16:58,654: Epoch training time: 179.83709812164307
2023-12-07 18:16:58,654: Loss: 0.9743848047694381
2023-12-07 18:16:58,654: Accuracy: 65.50%
2023-12-07 18:16:58,654: Data transmitted to server: 1562.5MB
2023-12-07 18:16:58,654: Data transmitted to client: 6.103515625MB
2023-12-07 18:16:58,654: Training mode - OFF
2023-12-07 18:16:58,655: Evaluation
2023-12-07 18:17:07,256: Validation Loss: 1.0379978105425836
2023-12-07 18:17:07,256: Validation Accuracy: 62.38%
2023-12-07 18:20:13,587: Training mode - ON
2023-12-07 18:20:13,588: Training epoch
2023-12-07 18:23:11,467: Epoch training time: 177.8780882358551
2023-12-07 18:23:11,467: Loss: 0.8976017154601156
2023-12-07 18:23:11,467: Accuracy: 68.27%
2023-12-07 18:23:11,467: Data transmitted to server: 1562.5MB
2023-12-07 18:23:11,467: Data transmitted to client: 6.103515625MB
2023-12-07 18:23:11,467: Training mode - OFF
2023-12-07 18:23:11,468: Evaluation
2023-12-07 18:23:20,016: Validation Loss: 0.9267800822854042
2023-12-07 18:23:20,016: Validation Accuracy: 66.58%
2023-12-07 18:26:28,926: Training mode - ON
2023-12-07 18:26:28,927: Training epoch
2023-12-07 18:29:29,718: Epoch training time: 180.79115962982178
2023-12-07 18:29:29,718: Loss: 0.8390373928206307
2023-12-07 18:29:29,718: Accuracy: 70.04%
2023-12-07 18:29:29,719: Data transmitted to server: 1562.5MB
2023-12-07 18:29:29,719: Data transmitted to client: 6.103515625MB
2023-12-07 18:29:29,719: Training mode - OFF
2023-12-07 18:29:29,720: Evaluation
2023-12-07 18:29:38,278: Validation Loss: 0.9390582546591759
2023-12-07 18:29:38,278: Validation Accuracy: 66.30%
2023-12-07 18:32:46,310: Training mode - ON
2023-12-07 18:32:46,311: Training epoch
2023-12-07 18:35:46,806: Epoch training time: 180.49466371536255
2023-12-07 18:35:46,806: Loss: 0.7866138840208248
2023-12-07 18:35:46,806: Accuracy: 72.21%
2023-12-07 18:35:46,806: Data transmitted to server: 1562.5MB
2023-12-07 18:35:46,806: Data transmitted to client: 6.103515625MB
2023-12-07 18:35:46,807: Training mode - OFF
2023-12-07 18:35:46,808: Evaluation
2023-12-07 18:35:55,395: Validation Loss: 0.9718755766749382
2023-12-07 18:35:55,395: Validation Accuracy: 66.50%
2023-12-07 18:39:03,708: Training mode - ON
2023-12-07 18:39:03,709: Training epoch
2023-12-07 18:42:04,626: Epoch training time: 180.9171323776245
2023-12-07 18:42:04,626: Loss: 0.7342264237148421
2023-12-07 18:42:04,626: Accuracy: 74.49%
2023-12-07 18:42:04,626: Data transmitted to server: 1562.5MB
2023-12-07 18:42:04,626: Data transmitted to client: 6.103515625MB
2023-12-07 18:42:04,626: Training mode - OFF
2023-12-07 18:42:04,628: Evaluation
2023-12-07 18:42:13,210: Validation Loss: 0.7998157650232315
2023-12-07 18:42:13,210: Validation Accuracy: 71.08%
2023-12-07 18:45:25,869: Training mode - ON
2023-12-07 18:45:25,895: Training epoch
2023-12-07 18:48:27,168: Epoch training time: 181.27228689193726
2023-12-07 18:48:27,168: Loss: 0.6972472567339333
2023-12-07 18:48:27,168: Accuracy: 75.80%
2023-12-07 18:48:27,168: Data transmitted to server: 1562.5MB
2023-12-07 18:48:27,168: Data transmitted to client: 6.103515625MB
2023-12-07 18:48:27,168: Training mode - OFF
2023-12-07 18:48:27,170: Evaluation
2023-12-07 18:48:35,762: Validation Loss: 0.7799057394266129
2023-12-07 18:48:35,762: Validation Accuracy: 73.12%
2023-12-07 18:51:42,742: Training mode - ON
2023-12-07 18:51:42,743: Training epoch
2023-12-07 18:54:42,010: Epoch training time: 179.26669263839722
2023-12-07 18:54:42,010: Loss: 0.6628496798933768
2023-12-07 18:54:42,010: Accuracy: 76.88%
2023-12-07 18:54:42,010: Data transmitted to server: 1562.5MB
2023-12-07 18:54:42,010: Data transmitted to client: 6.103515625MB
2023-12-07 18:54:42,010: Training mode - OFF
2023-12-07 18:54:42,011: Evaluation
2023-12-07 18:54:50,614: Validation Loss: 0.7738773673772812
2023-12-07 18:54:50,614: Validation Accuracy: 72.96%
2023-12-07 18:57:58,273: Training mode - ON
2023-12-07 18:57:58,274: Training epoch
2023-12-07 19:00:57,668: Epoch training time: 179.3943428993225
2023-12-07 19:00:57,668: Loss: 0.6255677532480688
2023-12-07 19:00:57,668: Accuracy: 78.42%
2023-12-07 19:00:57,668: Data transmitted to server: 1562.5MB
2023-12-07 19:00:57,668: Data transmitted to client: 6.103515625MB
2023-12-07 19:00:57,669: Training mode - OFF
2023-12-07 19:00:57,670: Evaluation
2023-12-07 19:01:06,332: Validation Loss: 0.7402009218931198
2023-12-07 19:01:06,332: Validation Accuracy: 74.74%
2023-12-07 19:04:17,323: Training mode - ON
2023-12-07 19:04:17,324: Training epoch
2023-12-07 19:07:18,524: Epoch training time: 181.19912242889404
2023-12-07 19:07:18,524: Loss: 0.597654216447655
2023-12-07 19:07:18,524: Accuracy: 79.34%
2023-12-07 19:07:18,524: Data transmitted to server: 1562.5MB
2023-12-07 19:07:18,524: Data transmitted to client: 6.103515625MB
2023-12-07 19:07:18,524: Training mode - OFF
2023-12-07 19:07:18,525: Evaluation
2023-12-07 19:07:27,120: Validation Loss: 0.7273105815052986
2023-12-07 19:07:27,120: Validation Accuracy: 74.24%
2023-12-07 19:10:36,094: Training mode - ON
2023-12-07 19:10:36,095: Training epoch
2023-12-07 19:13:37,394: Epoch training time: 181.29855728149414
2023-12-07 19:13:37,394: Loss: 0.5718353475843158
2023-12-07 19:13:37,394: Accuracy: 80.00%
2023-12-07 19:13:37,394: Data transmitted to server: 1562.5MB
2023-12-07 19:13:37,394: Data transmitted to client: 6.103515625MB
2023-12-07 19:13:37,394: Training mode - OFF
2023-12-07 19:13:37,395: Evaluation
2023-12-07 19:13:46,013: Validation Loss: 0.7099268704652786
2023-12-07 19:13:46,013: Validation Accuracy: 74.62%
2023-12-07 19:16:56,040: Training mode - ON
2023-12-07 19:16:56,042: Training epoch
2023-12-07 19:19:55,029: Epoch training time: 178.98775720596313
2023-12-07 19:19:55,030: Loss: 0.556789156733727
2023-12-07 19:19:55,030: Accuracy: 80.72%
2023-12-07 19:19:55,030: Data transmitted to server: 1562.5MB
2023-12-07 19:19:55,030: Data transmitted to client: 6.103515625MB
2023-12-07 19:19:55,030: Training mode - OFF
2023-12-07 19:19:55,031: Evaluation
2023-12-07 19:20:03,632: Validation Loss: 0.6877294696867466
2023-12-07 19:20:03,632: Validation Accuracy: 75.18%
2023-12-07 19:23:12,614: Training mode - ON
2023-12-07 19:23:12,616: Training epoch
2023-12-07 19:26:17,952: Epoch training time: 185.33598947525024
2023-12-07 19:26:17,952: Loss: 0.5261998144643647
2023-12-07 19:26:17,952: Accuracy: 81.66%
2023-12-07 19:26:17,952: Data transmitted to server: 1562.5MB
2023-12-07 19:26:17,952: Data transmitted to client: 6.103515625MB
2023-12-07 19:26:17,952: Training mode - OFF
2023-12-07 19:26:17,953: Evaluation
2023-12-07 19:26:26,604: Validation Loss: 0.6393542356789113
2023-12-07 19:26:26,604: Validation Accuracy: 78.00%
2023-12-07 19:29:37,685: Training mode - ON
2023-12-07 19:29:37,687: Training epoch
2023-12-07 19:32:37,224: Epoch training time: 179.537682056427
2023-12-07 19:32:37,225: Loss: 0.5083353616753403
2023-12-07 19:32:37,225: Accuracy: 82.30%
2023-12-07 19:32:37,225: Data transmitted to server: 1562.5MB
2023-12-07 19:32:37,225: Data transmitted to client: 6.103515625MB
2023-12-07 19:32:37,225: Training mode - OFF
2023-12-07 19:32:37,226: Evaluation
2023-12-07 19:32:45,845: Validation Loss: 0.6923887528479099
2023-12-07 19:32:45,845: Validation Accuracy: 76.58%
2023-12-07 19:35:51,481: Training mode - ON
2023-12-07 19:35:51,482: Training epoch
2023-12-07 19:38:51,154: Epoch training time: 179.67190885543823
2023-12-07 19:38:51,154: Loss: 0.4900124641705532
2023-12-07 19:38:51,154: Accuracy: 83.05%
2023-12-07 19:38:51,154: Data transmitted to server: 1562.5MB
2023-12-07 19:38:51,154: Data transmitted to client: 6.103515625MB
2023-12-07 19:38:51,154: Training mode - OFF
2023-12-07 19:38:51,156: Evaluation
2023-12-07 19:38:59,764: Validation Loss: 0.6866345494985581
2023-12-07 19:38:59,765: Validation Accuracy: 76.54%
2023-12-07 19:42:08,489: Training mode - ON
2023-12-07 19:42:08,490: Training epoch
2023-12-07 19:45:07,086: Epoch training time: 178.59580826759338
2023-12-07 19:45:07,087: Loss: 0.47280459851026535
2023-12-07 19:45:07,087: Accuracy: 83.67%
2023-12-07 19:45:07,087: Data transmitted to server: 1562.5MB
2023-12-07 19:45:07,087: Data transmitted to client: 6.103515625MB
2023-12-07 19:45:07,087: Training mode - OFF
2023-12-07 19:45:07,088: Evaluation
2023-12-07 19:45:15,752: Validation Loss: 0.6228682138025761
2023-12-07 19:45:15,752: Validation Accuracy: 78.56%
