2023-12-11 17:32:16,216: Alice is going insane!
2023-12-11 17:32:17,106: Local Data Statistics:
2023-12-11 17:32:17,106: Dataset Size: 196.00
2023-12-11 17:32:17,107: Training mode - ON
2023-12-11 17:32:17,109: Training epoch
2023-12-11 17:35:30,671: Epoch training time: 193.5618200302124
2023-12-11 17:35:30,671: Loss: 1.9210123249462672
2023-12-11 17:35:30,671: Accuracy: 27.91%
2023-12-11 17:35:30,671: Data transmitted to server: 1562.5MB
2023-12-11 17:35:30,671: Data transmitted to client: 6.103515625MB
2023-12-11 17:35:30,671: Training mode - OFF
2023-12-11 17:35:30,673: Evaluation
2023-12-11 17:35:42,601: Validation Loss: 1.6934397399425507
2023-12-11 17:35:42,612: Validation Accuracy: 36.58%
2023-12-11 17:39:04,677: Transfering weights from Alice2 to Alice1
2023-12-11 17:39:04,704: Training mode - ON
2023-12-11 17:39:04,706: Training epoch
2023-12-11 17:42:18,521: Epoch training time: 193.81456780433655
2023-12-11 17:42:18,521: Loss: 1.4874963237314809
2023-12-11 17:42:18,521: Accuracy: 45.23%
2023-12-11 17:42:18,522: Data transmitted to server: 1562.5MB
2023-12-11 17:42:18,522: Data transmitted to client: 6.103515625MB
2023-12-11 17:42:18,522: Training mode - OFF
2023-12-11 17:42:18,523: Evaluation
2023-12-11 17:42:29,342: Validation Loss: 1.4217193603515625
2023-12-11 17:42:29,342: Validation Accuracy: 48.38%
2023-12-11 17:46:00,451: Transfering weights from Alice2 to Alice1
2023-12-11 17:46:00,456: Training mode - ON
2023-12-11 17:46:00,457: Training epoch
2023-12-11 17:49:32,250: Epoch training time: 211.7928159236908
2023-12-11 17:49:32,251: Loss: 1.2965818351628828
2023-12-11 17:49:32,251: Accuracy: 52.95%
2023-12-11 17:49:32,251: Data transmitted to server: 1562.5MB
2023-12-11 17:49:32,251: Data transmitted to client: 6.103515625MB
2023-12-11 17:49:32,251: Training mode - OFF
2023-12-11 17:49:32,253: Evaluation
2023-12-11 17:49:42,777: Validation Loss: 1.2680012077093124
2023-12-11 17:49:42,778: Validation Accuracy: 54.18%
2023-12-11 17:54:09,743: Transfering weights from Alice2 to Alice1
2023-12-11 17:54:09,748: Training mode - ON
2023-12-11 17:54:09,750: Training epoch
2023-12-11 17:57:20,322: Epoch training time: 190.57232236862183
2023-12-11 17:57:20,323: Loss: 1.149996936625364
2023-12-11 17:57:20,323: Accuracy: 58.73%
2023-12-11 17:57:20,323: Data transmitted to server: 1562.5MB
2023-12-11 17:57:20,323: Data transmitted to client: 6.103515625MB
2023-12-11 17:57:20,323: Training mode - OFF
2023-12-11 17:57:20,326: Evaluation
2023-12-11 17:57:29,586: Validation Loss: 1.1898588255047797
2023-12-11 17:57:29,586: Validation Accuracy: 56.86%
2023-12-11 18:00:55,435: Transfering weights from Alice2 to Alice1
2023-12-11 18:00:55,438: Training mode - ON
2023-12-11 18:00:55,440: Training epoch
2023-12-11 18:04:10,239: Epoch training time: 194.7990996837616
2023-12-11 18:04:10,239: Loss: 1.0479242004910294
2023-12-11 18:04:10,239: Accuracy: 62.28%
2023-12-11 18:04:10,239: Data transmitted to server: 1562.5MB
2023-12-11 18:04:10,239: Data transmitted to client: 6.103515625MB
2023-12-11 18:04:10,239: Training mode - OFF
2023-12-11 18:04:10,240: Evaluation
2023-12-11 18:04:19,396: Validation Loss: 1.1119749069213867
2023-12-11 18:04:19,396: Validation Accuracy: 59.96%
2023-12-11 18:07:44,817: Transfering weights from Alice2 to Alice1
2023-12-11 18:07:44,822: Training mode - ON
2023-12-11 18:07:44,823: Training epoch
2023-12-11 18:11:24,519: Epoch training time: 219.69550395011902
2023-12-11 18:11:24,519: Loss: 0.9641262642583068
2023-12-11 18:11:24,519: Accuracy: 65.59%
2023-12-11 18:11:24,519: Data transmitted to server: 1562.5MB
2023-12-11 18:11:24,519: Data transmitted to client: 6.103515625MB
2023-12-11 18:11:24,519: Training mode - OFF
2023-12-11 18:11:24,521: Evaluation
2023-12-11 18:11:37,110: Validation Loss: 1.0254429534077645
2023-12-11 18:11:37,110: Validation Accuracy: 63.62%
2023-12-11 18:15:29,342: Transfering weights from Alice2 to Alice1
2023-12-11 18:15:29,345: Training mode - ON
2023-12-11 18:15:29,346: Training epoch
2023-12-11 18:18:50,464: Epoch training time: 201.11807489395142
2023-12-11 18:18:50,464: Loss: 0.8935427276455626
2023-12-11 18:18:50,464: Accuracy: 67.92%
2023-12-11 18:18:50,464: Data transmitted to server: 1562.5MB
2023-12-11 18:18:50,464: Data transmitted to client: 6.103515625MB
2023-12-11 18:18:50,464: Training mode - OFF
2023-12-11 18:18:50,500: Evaluation
2023-12-11 18:19:02,161: Validation Loss: 1.0237220332026482
2023-12-11 18:19:02,161: Validation Accuracy: 64.88%
2023-12-11 18:22:27,474: Transfering weights from Alice2 to Alice1
2023-12-11 18:22:27,477: Training mode - ON
2023-12-11 18:22:27,478: Training epoch
2023-12-11 18:25:54,219: Epoch training time: 206.74065899848938
2023-12-11 18:25:54,219: Loss: 0.8456716762513531
2023-12-11 18:25:54,219: Accuracy: 69.92%
2023-12-11 18:25:54,219: Data transmitted to server: 1562.5MB
2023-12-11 18:25:54,219: Data transmitted to client: 6.103515625MB
2023-12-11 18:25:54,219: Training mode - OFF
2023-12-11 18:25:54,220: Evaluation
2023-12-11 18:26:03,829: Validation Loss: 0.9103282362222671
2023-12-11 18:26:03,830: Validation Accuracy: 67.74%
2023-12-11 18:29:29,677: Transfering weights from Alice2 to Alice1
2023-12-11 18:29:29,682: Training mode - ON
2023-12-11 18:29:29,683: Training epoch
2023-12-11 18:32:47,166: Epoch training time: 197.48293685913086
2023-12-11 18:32:47,166: Loss: 0.7958333413211667
2023-12-11 18:32:47,167: Accuracy: 72.16%
2023-12-11 18:32:47,167: Data transmitted to server: 1562.5MB
2023-12-11 18:32:47,167: Data transmitted to client: 6.103515625MB
2023-12-11 18:32:47,167: Training mode - OFF
2023-12-11 18:32:47,168: Evaluation
2023-12-11 18:32:56,381: Validation Loss: 0.8810871183872223
2023-12-11 18:32:56,381: Validation Accuracy: 69.22%
2023-12-11 18:36:26,306: Transfering weights from Alice2 to Alice1
2023-12-11 18:36:26,309: Training mode - ON
2023-12-11 18:36:26,310: Training epoch
2023-12-11 18:39:41,206: Epoch training time: 194.8960406780243
2023-12-11 18:39:41,206: Loss: 0.7523531314669823
2023-12-11 18:39:41,207: Accuracy: 73.47%
2023-12-11 18:39:41,207: Data transmitted to server: 1562.5MB
2023-12-11 18:39:41,207: Data transmitted to client: 6.103515625MB
2023-12-11 18:39:41,207: Training mode - OFF
2023-12-11 18:39:41,208: Evaluation
2023-12-11 18:39:50,342: Validation Loss: 0.7964085921645164
2023-12-11 18:39:50,342: Validation Accuracy: 71.66%
2023-12-11 18:43:17,729: Transfering weights from Alice2 to Alice1
2023-12-11 18:43:17,733: Training mode - ON
2023-12-11 18:43:17,734: Training epoch
2023-12-11 18:46:33,682: Epoch training time: 195.9473056793213
2023-12-11 18:46:33,682: Loss: 0.7114828866051168
2023-12-11 18:46:33,682: Accuracy: 74.88%
2023-12-11 18:46:33,682: Data transmitted to server: 1562.5MB
2023-12-11 18:46:33,682: Data transmitted to client: 6.103515625MB
2023-12-11 18:46:33,682: Training mode - OFF
2023-12-11 18:46:33,683: Evaluation
2023-12-11 18:46:42,851: Validation Loss: 0.8321170836687088
2023-12-11 18:46:42,851: Validation Accuracy: 71.62%
2023-12-11 18:50:18,764: Transfering weights from Alice2 to Alice1
2023-12-11 18:50:18,767: Training mode - ON
2023-12-11 18:50:18,768: Training epoch
2023-12-11 18:53:33,550: Epoch training time: 194.78197646141052
2023-12-11 18:53:33,551: Loss: 0.67258492127365
2023-12-11 18:53:33,551: Accuracy: 76.25%
2023-12-11 18:53:33,551: Data transmitted to server: 1562.5MB
2023-12-11 18:53:33,551: Data transmitted to client: 6.103515625MB
2023-12-11 18:53:33,551: Training mode - OFF
2023-12-11 18:53:33,552: Evaluation
2023-12-11 18:53:42,604: Validation Loss: 0.7368220940232277
2023-12-11 18:53:42,604: Validation Accuracy: 73.98%
2023-12-11 18:57:07,296: Transfering weights from Alice2 to Alice1
2023-12-11 18:57:07,298: Training mode - ON
2023-12-11 18:57:07,299: Training epoch
2023-12-11 19:00:18,672: Epoch training time: 191.37254071235657
2023-12-11 19:00:18,672: Loss: 0.6399399429863813
2023-12-11 19:00:18,672: Accuracy: 77.48%
2023-12-11 19:00:18,672: Data transmitted to server: 1562.5MB
2023-12-11 19:00:18,672: Data transmitted to client: 6.103515625MB
2023-12-11 19:00:18,672: Training mode - OFF
2023-12-11 19:00:18,674: Evaluation
2023-12-11 19:00:27,651: Validation Loss: 0.7812793582677842
2023-12-11 19:00:27,652: Validation Accuracy: 72.90%
2023-12-11 19:03:47,615: Transfering weights from Alice2 to Alice1
2023-12-11 19:03:47,618: Training mode - ON
2023-12-11 19:03:47,619: Training epoch
2023-12-11 19:06:57,842: Epoch training time: 190.22293376922607
2023-12-11 19:06:57,843: Loss: 0.6120749947671987
2023-12-11 19:06:57,843: Accuracy: 78.41%
2023-12-11 19:06:57,843: Data transmitted to server: 1562.5MB
2023-12-11 19:06:57,843: Data transmitted to client: 6.103515625MB
2023-12-11 19:06:57,843: Training mode - OFF
2023-12-11 19:06:57,844: Evaluation
2023-12-11 19:07:06,809: Validation Loss: 0.6988080903887749
2023-12-11 19:07:06,809: Validation Accuracy: 76.18%
2023-12-11 19:10:26,677: Transfering weights from Alice2 to Alice1
2023-12-11 19:10:26,715: Training mode - ON
2023-12-11 19:10:26,716: Training epoch
2023-12-11 19:13:37,557: Epoch training time: 190.84037518501282
2023-12-11 19:13:37,557: Loss: 0.5856884132538523
2023-12-11 19:13:37,557: Accuracy: 79.56%
2023-12-11 19:13:37,557: Data transmitted to server: 1562.5MB
2023-12-11 19:13:37,557: Data transmitted to client: 6.103515625MB
2023-12-11 19:13:37,557: Training mode - OFF
2023-12-11 19:13:37,558: Evaluation
2023-12-11 19:13:46,584: Validation Loss: 0.7450690627098083
2023-12-11 19:13:46,584: Validation Accuracy: 73.90%
2023-12-11 19:17:06,839: Transfering weights from Alice2 to Alice1
2023-12-11 19:17:06,841: Training mode - ON
2023-12-11 19:17:06,844: Training epoch
2023-12-11 19:20:15,580: Epoch training time: 188.73556637763977
2023-12-11 19:20:15,580: Loss: 0.5657352324651213
2023-12-11 19:20:15,580: Accuracy: 80.24%
2023-12-11 19:20:15,580: Data transmitted to server: 1562.5MB
2023-12-11 19:20:15,580: Data transmitted to client: 6.103515625MB
2023-12-11 19:20:15,580: Training mode - OFF
2023-12-11 19:20:15,581: Evaluation
2023-12-11 19:20:24,652: Validation Loss: 0.6670608393847942
2023-12-11 19:20:24,652: Validation Accuracy: 76.36%
2023-12-11 19:23:41,338: Transfering weights from Alice2 to Alice1
2023-12-11 19:23:41,341: Training mode - ON
2023-12-11 19:23:41,342: Training epoch
2023-12-11 19:26:52,671: Epoch training time: 191.32846641540527
2023-12-11 19:26:52,671: Loss: 0.5445471764827261
2023-12-11 19:26:52,671: Accuracy: 81.11%
2023-12-11 19:26:52,671: Data transmitted to server: 1562.5MB
2023-12-11 19:26:52,671: Data transmitted to client: 6.103515625MB
2023-12-11 19:26:52,671: Training mode - OFF
2023-12-11 19:26:52,672: Evaluation
2023-12-11 19:27:01,659: Validation Loss: 0.6620956495404243
2023-12-11 19:27:01,659: Validation Accuracy: 77.62%
2023-12-11 19:30:21,047: Transfering weights from Alice2 to Alice1
2023-12-11 19:30:21,050: Training mode - ON
2023-12-11 19:30:21,051: Training epoch
2023-12-11 19:33:28,038: Epoch training time: 186.98720622062683
2023-12-11 19:33:28,038: Loss: 0.5143595187335598
2023-12-11 19:33:28,038: Accuracy: 81.98%
2023-12-11 19:33:28,038: Data transmitted to server: 1562.5MB
2023-12-11 19:33:28,038: Data transmitted to client: 6.103515625MB
2023-12-11 19:33:28,039: Training mode - OFF
2023-12-11 19:33:28,040: Evaluation
2023-12-11 19:33:36,943: Validation Loss: 0.7173158392310143
2023-12-11 19:33:36,943: Validation Accuracy: 76.94%
2023-12-11 19:36:54,733: Transfering weights from Alice2 to Alice1
2023-12-11 19:36:54,736: Training mode - ON
2023-12-11 19:36:54,737: Training epoch
2023-12-11 19:40:03,092: Epoch training time: 188.3552794456482
2023-12-11 19:40:03,092: Loss: 0.49985157667982333
2023-12-11 19:40:03,092: Accuracy: 82.14%
2023-12-11 19:40:03,092: Data transmitted to server: 1562.5MB
2023-12-11 19:40:03,092: Data transmitted to client: 6.103515625MB
2023-12-11 19:40:03,092: Training mode - OFF
2023-12-11 19:40:03,094: Evaluation
2023-12-11 19:40:11,972: Validation Loss: 0.6838231511414051
2023-12-11 19:40:11,972: Validation Accuracy: 77.12%
2023-12-11 19:43:27,606: Transfering weights from Alice2 to Alice1
2023-12-11 19:43:27,644: Training mode - ON
2023-12-11 19:43:27,646: Training epoch
2023-12-11 19:46:34,078: Epoch training time: 186.43258666992188
2023-12-11 19:46:34,079: Loss: 0.48417575216414976
2023-12-11 19:46:34,079: Accuracy: 82.88%
2023-12-11 19:46:34,079: Data transmitted to server: 1562.5MB
2023-12-11 19:46:34,079: Data transmitted to client: 6.103515625MB
2023-12-11 19:46:34,079: Training mode - OFF
2023-12-11 19:46:34,080: Evaluation
2023-12-11 19:46:42,939: Validation Loss: 0.6635189108550549
2023-12-11 19:46:42,939: Validation Accuracy: 77.24%
