Training:   0%|                                                                                                                                                          | 0/20 [00:00<?, ?it/s2024-03-15 14:43:44,612: Epoch 1/20 Loss: 2.07                                                                                                                                                   
Validationing: 100%|████████████████████████████████████████████████████████████████████████████████████████████████████████████████████████████████████████████████| 313/313 [00:03<00:00, 95.62it/s]
2024-03-15 14:43:47,886: Validation Loss: 1.99██████████████████████████████████████████████████████████████████████████████████████████████████████████████████▊   | 306/313 [00:03<00:00, 98.26it/s]
2024-03-15 14:43:47,886: Validation Accuracy: 45.76%
Training:   5%|███████▎                                                                                                                                          | 1/20 [00:42<13:19, 42.10s/it2024-03-15 14:44:26,405: Epoch 2/20 Loss: 1.92                                                                                                                                                   
Validationing: 100%|████████████████████████████████████████████████████████████████████████████████████████████████████████████████████████████████████████████████| 313/313 [00:03<00:00, 95.12it/s]
2024-03-15 14:44:29,695: Validation Loss: 1.91█████████████████████████████████████████████████████████████████████████████████████████████████████████████████████ | 311/313 [00:03<00:00, 93.97it/s]
2024-03-15 14:44:29,695: Validation Accuracy: 54.54%
Training:  10%|██████████████▌                                                                                                                                   | 2/20 [01:23<12:34, 41.93s/it2024-03-15 14:45:08,374: Epoch 3/20 Loss: 1.87                                                                                                                                                   
Validationing: 100%|████████████████████████████████████████████████████████████████████████████████████████████████████████████████████████████████████████████████| 313/313 [00:03<00:00, 96.11it/s]
2024-03-15 14:45:11,631: Validation Loss: 1.86██████████████████████████████████████████████████████████████████████████████████████████████████████████████████▎  | 307/313 [00:03<00:00, 101.44it/s]
2024-03-15 14:45:11,631: Validation Accuracy: 59.70%
Training:  15%|█████████████████████▉                                                                                                                            | 3/20 [02:05<11:52, 41.93s/it2024-03-15 14:45:53,175: Epoch 4/20 Loss: 1.82                                                                                                                                                   
Validationing: 100%|████████████████████████████████████████████████████████████████████████████████████████████████████████████████████████████████████████████████| 313/313 [00:03<00:00, 89.44it/s]
2024-03-15 14:45:56,674: Validation Loss: 1.78█████████████████████████████████████████████████████████████████████████████████████████████████████████████████▊    | 304/313 [00:03<00:00, 84.79it/s]
2024-03-15 14:45:56,674: Validation Accuracy: 67.40%
Training:  20%|█████████████████████████████▏                                                                                                                    | 4/20 [02:50<11:30, 43.16s/it2024-03-15 14:46:38,461: Epoch 5/20 Loss: 1.81                                                                                                                                                   
Validationing: 100%|████████████████████████████████████████████████████████████████████████████████████████████████████████████████████████████████████████████████| 313/313 [00:03<00:00, 97.04it/s]
2024-03-15 14:46:41,686: Validation Loss: 1.78████████████████████████████████████████████████████████████████████████████████████████████████████████████████████▌| 312/313 [00:03<00:00, 101.68it/s]
2024-03-15 14:46:41,687: Validation Accuracy: 67.98%
Training:  25%|████████████████████████████████████▌                                                                                                             | 5/20 [03:35<10:57, 43.83s/it2024-03-15 14:47:22,750: Epoch 6/20 Loss: 1.82                                                                                                                                                   
Validationing: 100%|████████████████████████████████████████████████████████████████████████████████████████████████████████████████████████████████████████████████| 313/313 [00:03<00:00, 94.93it/s]
2024-03-15 14:47:26,047: Validation Loss: 1.77█████████████████████████████████████████████████████████████████████████████████████████████████████████████████▍    | 303/313 [00:03<00:00, 96.62it/s]
2024-03-15 14:47:26,047: Validation Accuracy: 68.48%
Training:  30%|███████████████████████████████████████████▊                                                                                                      | 6/20 [04:20<10:16, 44.01s/it2024-03-15 14:48:07,241: Epoch 7/20 Loss: 1.83                                                                                                                                                   
Validationing: 100%|████████████████████████████████████████████████████████████████████████████████████████████████████████████████████████████████████████████████| 313/313 [00:03<00:00, 93.58it/s]
2024-03-15 14:48:10,586: Validation Loss: 1.88██████████████████████████████████████████████████████████████████████████████████████████████████████████████████▊   | 306/313 [00:03<00:00, 92.69it/s]
2024-03-15 14:48:10,586: Validation Accuracy: 57.78%
Training:  35%|███████████████████████████████████████████████████                                                                                               | 7/20 [05:04<09:34, 44.18s/it2024-03-15 14:48:51,840: Epoch 8/20 Loss: 1.82                                                                                                                                                   
Validationing: 100%|████████████████████████████████████████████████████████████████████████████████████████████████████████████████████████████████████████████████| 313/313 [00:03<00:00, 97.61it/s]
2024-03-15 14:48:55,047: Validation Loss: 1.82████████████████████████████████████████████████████████████████████████████████████████████████████████████████▍    | 303/313 [00:03<00:00, 100.25it/s]
2024-03-15 14:48:55,047: Validation Accuracy: 63.50%
Training:  40%|██████████████████████████████████████████████████████████▍                                                                                       | 8/20 [05:49<08:51, 44.27s/it2024-03-15 14:49:36,028: Epoch 9/20 Loss: 1.83                                                                                                                                                   
Validationing: 100%|████████████████████████████████████████████████████████████████████████████████████████████████████████████████████████████████████████████████| 313/313 [00:03<00:00, 93.88it/s]
2024-03-15 14:49:39,362: Validation Loss: 1.92████████████████████████████████████████████████████████████████████████████████████████████████████████████████████▏ | 309/313 [00:03<00:00, 94.94it/s]
2024-03-15 14:49:39,362: Validation Accuracy: 53.60%
Training:  45%|█████████████████████████████████████████████████████████████████▋                                                                                | 9/20 [06:33<08:07, 44.28s/it2024-03-15 14:50:20,951: Epoch 10/20 Loss: 1.85                                                                                                                                                  
Validationing: 100%|████████████████████████████████████████████████████████████████████████████████████████████████████████████████████████████████████████████████| 313/313 [00:03<00:00, 95.01it/s]
2024-03-15 14:50:24,246: Validation Loss: 1.85██████████████████████████████████████████████████████████████████████████████████████████████████████████████████▎  | 307/313 [00:03<00:00, 100.99it/s]
2024-03-15 14:50:24,246: Validation Accuracy: 60.62%
Training:  50%|████████████████████████████████████████████████████████████████████████▌                                                                        | 10/20 [07:18<07:24, 44.47s/it2024-03-15 14:51:05,747: Epoch 11/20 Loss: 1.83                                                                                                                                                  
Validationing: 100%|████████████████████████████████████████████████████████████████████████████████████████████████████████████████████████████████████████████████| 313/313 [00:03<00:00, 92.37it/s]
2024-03-15 14:51:09,135: Validation Loss: 1.87██████████████████████████████████████████████████████████████████████████████████████████████████████████████████▎   | 305/313 [00:03<00:00, 96.43it/s]
2024-03-15 14:51:09,135: Validation Accuracy: 59.02%
Training:  55%|███████████████████████████████████████████████████████████████████████████████▊                                                                 | 11/20 [08:03<06:41, 44.60s/it2024-03-15 14:51:50,864: Epoch 12/20 Loss: 1.85                                                                                                                                                  
Validationing: 100%|████████████████████████████████████████████████████████████████████████████████████████████████████████████████████████████████████████████████| 313/313 [00:03<00:00, 95.13it/s]
2024-03-15 14:51:54,154: Validation Loss: 1.87██████████████████████████████████████████████████████████████████████████████████████████████████████████████████▎   | 305/313 [00:03<00:00, 94.11it/s]
2024-03-15 14:51:54,155: Validation Accuracy: 59.18%
Training:  60%|███████████████████████████████████████████████████████████████████████████████████████                                                          | 12/20 [08:48<05:57, 44.73s/it2024-03-15 14:52:36,094: Epoch 13/20 Loss: 1.84                                                                                                                                                  
Validationing: 100%|████████████████████████████████████████████████████████████████████████████████████████████████████████████████████████████████████████████████| 313/313 [00:03<00:00, 96.22it/s]
2024-03-15 14:52:39,348: Validation Loss: 1.79██████████████████████████████████████████████████████████████████████████████████████████████████████████████████████| 313/313 [00:03<00:00, 98.99it/s]
2024-03-15 14:52:39,348: Validation Accuracy: 67.12%
Training:  65%|██████████████████████████████████████████████████████████████████████████████████████████████▎                                                  | 13/20 [09:33<05:14, 44.87s/it2024-03-15 14:53:21,196: Epoch 14/20 Loss: 1.86                                                                                                                                                  
Validationing: 100%|████████████████████████████████████████████████████████████████████████████████████████████████████████████████████████████████████████████████| 313/313 [00:03<00:00, 94.52it/s]
2024-03-15 14:53:24,508: Validation Loss: 1.84█████████████████████████████████████████████████████████████████████████████████████████████████████████████████▍    | 303/313 [00:03<00:00, 93.41it/s]
2024-03-15 14:53:24,508: Validation Accuracy: 62.02%
Training:  70%|█████████████████████████████████████████████████████████████████████████████████████████████████████▌                                           | 14/20 [10:18<04:29, 44.96s/it2024-03-15 14:54:05,846: Epoch 15/20 Loss: 1.87                                                                                                                                                  
Validationing: 100%|████████████████████████████████████████████████████████████████████████████████████████████████████████████████████████████████████████████████| 313/313 [00:03<00:00, 95.92it/s]
2024-03-15 14:54:09,109: Validation Loss: 1.91██████████████████████████████████████████████████████████████████████████████████████████████████████████████████▊   | 306/313 [00:03<00:00, 97.37it/s]
2024-03-15 14:54:09,110: Validation Accuracy: 54.64%
Training:  75%|████████████████████████████████████████████████████████████████████████████████████████████████████████████▊                                    | 15/20 [11:03<03:44, 44.85s/it2024-03-15 14:54:52,028: Epoch 16/20 Loss: 1.90                                                                                                                                                  
Validationing: 100%|████████████████████████████████████████████████████████████████████████████████████████████████████████████████████████████████████████████████| 313/313 [00:03<00:00, 92.57it/s]
2024-03-15 14:54:55,409: Validation Loss: 2.01█████████████████████████████████████████████████████████████████████████████████████████████████████████████████████▌| 312/313 [00:03<00:00, 95.82it/s]
2024-03-15 14:54:55,409: Validation Accuracy: 45.40%
Training:  80%|████████████████████████████████████████████████████████████████████████████████████████████████████████████████████                             | 16/20 [11:49<03:01, 45.29s/it2024-03-15 14:55:38,557: Epoch 17/20 Loss: 1.86                                                                                                                                                  
Validationing: 100%|████████████████████████████████████████████████████████████████████████████████████████████████████████████████████████████████████████████████| 313/313 [00:03<00:00, 93.48it/s]
2024-03-15 14:55:41,906: Validation Loss: 1.87███████████████████████████████████████████████████████████████████████████████████████████████████████████████████▏  | 307/313 [00:03<00:00, 89.22it/s]
2024-03-15 14:55:41,906: Validation Accuracy: 58.92%
Training:  85%|███████████████████████████████████████████████████████████████████████████████████████████████████████████████████████████▎                     | 17/20 [12:36<02:16, 45.65s/it2024-03-15 14:56:24,524: Epoch 18/20 Loss: 1.87                                                                                                                                                  
Validationing: 100%|████████████████████████████████████████████████████████████████████████████████████████████████████████████████████████████████████████████████| 313/313 [00:03<00:00, 93.63it/s]
2024-03-15 14:56:27,868: Validation Loss: 1.80██████████████████████████████████████████████████████████████████████████████████████████████████████████████████▎   | 305/313 [00:03<00:00, 96.75it/s]
2024-03-15 14:56:27,868: Validation Accuracy: 66.38%
Training:  90%|██████████████████████████████████████████████████████████████████████████████████████████████████████████████████████████████████▌              | 18/20 [13:22<01:31, 45.74s/it2024-03-15 14:57:11,278: Epoch 19/20 Loss: 1.85                                                                                                                                                  
Validationing: 100%|████████████████████████████████████████████████████████████████████████████████████████████████████████████████████████████████████████████████| 313/313 [00:03<00:00, 93.93it/s]
2024-03-15 14:57:14,610: Validation Loss: 1.90███████████████████████████████████████████████████████████████████████████████████████████████████████████████████▏  | 307/313 [00:03<00:00, 95.56it/s]
2024-03-15 14:57:14,610: Validation Accuracy: 55.52%
Training:  95%|█████████████████████████████████████████████████████████████████████████████████████████████████████████████████████████████████████████▊       | 19/20 [14:08<00:46, 46.04s/it2024-03-15 14:57:59,134: Epoch 20/20 Loss: 1.90                                                                                                                                                  
Validationing: 100%|████████████████████████████████████████████████████████████████████████████████████████████████████████████████████████████████████████████████| 313/313 [00:03<00:00, 97.65it/s]
2024-03-15 14:58:02,340: Validation Loss: 1.95████████████████████████████████████████████████████████████████████████████████████████████████████████████████████▌ | 310/313 [00:03<00:00, 99.10it/s]
2024-03-15 14:58:02,340: Validation Accuracy: 50.54%