2023-11-25 09:07:04,414: Alice is going insane!
2023-11-25 09:07:04,421: lr: 0.001
2023-11-25 09:07:04,422: momentum: 0.9
2023-11-25 09:07:04,503: Local Data Statistics:
2023-11-25 09:07:04,503: Dataset Size: 1875.00
2023-11-25 09:07:04,504: Training mode - ON
2023-11-25 09:07:04,506: Training epoch
2023-11-25 09:07:57,018: Epoch training time: 52.51182508468628
2023-11-25 09:07:57,018: Loss: 0.6367752336472273
2023-11-25 09:07:57,018: Accuracy: 82.71%
2023-11-25 09:07:57,018: Training mode - OFF
2023-11-25 09:07:57,019: Evaluation
2023-11-25 09:07:59,863: Validation Loss: 0.21935467613628878
2023-11-25 09:07:59,864: Validation Accuracy: 93.60%
2023-11-25 09:08:47,607: Evaluation
2023-11-25 09:08:50,847: Validation Loss: 0.17482356178743866
2023-11-25 09:08:50,847: Validation Accuracy: 95.04%
2023-11-25 09:08:50,848: Training mode - ON
2023-11-25 09:08:50,849: Training epoch
2023-11-25 09:09:37,578: Epoch training time: 46.72883582115173
2023-11-25 09:09:37,578: Loss: 0.1554281400695443
2023-11-25 09:09:37,578: Accuracy: 95.42%
2023-11-25 09:09:37,578: Training mode - OFF
2023-11-25 09:09:37,579: Evaluation
2023-11-25 09:09:40,296: Validation Loss: 0.12324689806754383
2023-11-25 09:09:40,297: Validation Accuracy: 95.98%
2023-11-25 09:10:32,388: Evaluation
2023-11-25 09:10:35,958: Validation Loss: 0.09158738447054209
2023-11-25 09:10:35,959: Validation Accuracy: 96.98%
2023-11-25 09:10:36,258: Training mode - ON
2023-11-25 09:10:36,259: Training epoch
2023-11-25 09:11:24,184: Epoch training time: 47.92498421669006
2023-11-25 09:11:24,184: Loss: 0.09185115196096401
2023-11-25 09:11:24,184: Accuracy: 97.31%
2023-11-25 09:11:24,184: Training mode - OFF
2023-11-25 09:11:24,185: Evaluation
2023-11-25 09:11:26,757: Validation Loss: 0.09465222014151455
2023-11-25 09:11:26,757: Validation Accuracy: 96.52%
2023-11-25 09:12:18,277: Evaluation
2023-11-25 09:12:22,192: Validation Loss: 0.06685347634125144
2023-11-25 09:12:22,192: Validation Accuracy: 97.80%
2023-11-25 09:12:22,193: Training mode - ON
2023-11-25 09:12:22,194: Training epoch
2023-11-25 09:13:12,009: Epoch training time: 49.8153440952301
2023-11-25 09:13:12,010: Loss: 0.06535414258505529
2023-11-25 09:13:12,010: Accuracy: 98.07%
2023-11-25 09:13:12,010: Training mode - OFF
2023-11-25 09:13:12,010: Evaluation
2023-11-25 09:13:14,598: Validation Loss: 0.07949035547929592
2023-11-25 09:13:14,598: Validation Accuracy: 97.10%
2023-11-25 09:14:06,519: Evaluation
2023-11-25 09:14:09,476: Validation Loss: 0.05797852458480296
2023-11-25 09:14:09,476: Validation Accuracy: 98.04%
2023-11-25 09:14:09,491: Training mode - ON
2023-11-25 09:14:09,492: Training epoch
2023-11-25 09:15:02,252: Epoch training time: 52.760406494140625
2023-11-25 09:15:02,252: Loss: 0.04952255202609425
2023-11-25 09:15:02,252: Accuracy: 98.58%
2023-11-25 09:15:02,252: Training mode - OFF
2023-11-25 09:15:02,253: Evaluation
2023-11-25 09:15:05,216: Validation Loss: 0.06693783996449322
2023-11-25 09:15:05,216: Validation Accuracy: 97.66%
2023-11-25 09:16:01,680: Evaluation
2023-11-25 09:16:05,731: Validation Loss: 0.05423365315287032
2023-11-25 09:16:05,731: Validation Accuracy: 98.16%
2023-11-25 09:16:05,732: Training mode - ON
2023-11-25 09:16:05,733: Training epoch
2023-11-25 09:16:58,079: Epoch training time: 52.34638571739197
2023-11-25 09:16:58,079: Loss: 0.038230688194713244
2023-11-25 09:16:58,079: Accuracy: 98.93%
2023-11-25 09:16:58,079: Training mode - OFF
2023-11-25 09:16:58,080: Evaluation
2023-11-25 09:17:00,738: Validation Loss: 0.059884509083609615
2023-11-25 09:17:00,739: Validation Accuracy: 97.96%
2023-11-25 09:17:58,297: Evaluation
2023-11-25 09:18:01,968: Validation Loss: 0.05182274396762999
2023-11-25 09:18:01,968: Validation Accuracy: 98.20%
2023-11-25 09:18:02,232: Training mode - ON
2023-11-25 09:18:02,233: Training epoch
2023-11-25 09:18:56,464: Epoch training time: 54.23112154006958
2023-11-25 09:18:56,464: Loss: 0.02971108510962998
2023-11-25 09:18:56,464: Accuracy: 99.20%
2023-11-25 09:18:56,464: Training mode - OFF
2023-11-25 09:18:56,465: Evaluation
2023-11-25 09:18:59,054: Validation Loss: 0.05561419050017678
2023-11-25 09:18:59,054: Validation Accuracy: 98.12%
2023-11-25 09:19:50,988: Evaluation
2023-11-25 09:19:54,520: Validation Loss: 0.050479638147253966
2023-11-25 09:19:54,520: Validation Accuracy: 98.26%
2023-11-25 09:19:54,639: Training mode - ON
2023-11-25 09:19:54,639: Training epoch
2023-11-25 09:20:51,731: Epoch training time: 57.09120035171509
2023-11-25 09:20:51,731: Loss: 0.023099387486147073
2023-11-25 09:20:51,731: Accuracy: 99.41%
2023-11-25 09:20:51,731: Training mode - OFF
2023-11-25 09:20:51,732: Evaluation
2023-11-25 09:20:56,499: Validation Loss: 0.05098988493026149
2023-11-25 09:20:56,499: Validation Accuracy: 98.34%
2023-11-25 09:21:56,340: Evaluation
2023-11-25 09:22:00,613: Validation Loss: 0.04919446366219376
2023-11-25 09:22:00,613: Validation Accuracy: 98.42%
2023-11-25 09:22:00,614: Training mode - ON
2023-11-25 09:22:00,615: Training epoch
2023-11-25 09:22:58,186: Epoch training time: 57.571086406707764
2023-11-25 09:22:58,186: Loss: 0.017911691150003267
2023-11-25 09:22:58,186: Accuracy: 99.57%
2023-11-25 09:22:58,186: Training mode - OFF
2023-11-25 09:22:58,187: Evaluation
2023-11-25 09:23:01,815: Validation Loss: 0.046743394023711464
2023-11-25 09:23:01,815: Validation Accuracy: 98.46%
2023-11-25 09:24:00,020: Evaluation
2023-11-25 09:24:03,775: Validation Loss: 0.04784501434759253
2023-11-25 09:24:03,775: Validation Accuracy: 98.44%
2023-11-25 09:24:03,776: Training mode - ON
2023-11-25 09:24:03,777: Training epoch
2023-11-25 09:25:04,843: Epoch training time: 61.06597399711609
2023-11-25 09:25:04,843: Loss: 0.013893978614352332
2023-11-25 09:25:04,843: Accuracy: 99.70%
2023-11-25 09:25:04,843: Training mode - OFF
2023-11-25 09:25:04,844: Evaluation
2023-11-25 09:25:08,358: Validation Loss: 0.04465411995199491
2023-11-25 09:25:08,358: Validation Accuracy: 98.50%
2023-11-25 09:26:05,906: Evaluation
2023-11-25 09:26:08,500: Validation Loss: 0.047240757721517354
2023-11-25 09:26:08,500: Validation Accuracy: 98.48%
