2023-11-25 09:07:04,420: Alice is going insane!
2023-11-25 09:07:04,428: lr: 0.001
2023-11-25 09:07:04,429: momentum: 0.9
2023-11-25 09:07:04,521: Local Data Statistics:
2023-11-25 09:07:04,521: Dataset Size: 1875.00
2023-11-25 09:07:59,865: Training mode - ON
2023-11-25 09:07:59,866: Training epoch
2023-11-25 09:08:44,930: Epoch training time: 45.06366753578186
2023-11-25 09:08:44,930: Loss: 0.25321165282949804
2023-11-25 09:08:44,930: Accuracy: 93.03%
2023-11-25 09:08:44,930: Training mode - OFF
2023-11-25 09:08:44,931: Evaluation
2023-11-25 09:08:47,606: Validation Loss: 0.17443437702632464
2023-11-25 09:08:47,606: Validation Accuracy: 94.74%
2023-11-25 09:08:47,607: Evaluation
2023-11-25 09:08:50,838: Validation Loss: 0.17443437702632464
2023-11-25 09:08:50,838: Validation Accuracy: 94.74%
2023-11-25 09:09:40,299: Training mode - ON
2023-11-25 09:09:40,299: Training epoch
2023-11-25 09:10:29,749: Epoch training time: 49.44965887069702
2023-11-25 09:10:29,749: Loss: 0.11320545665423075
2023-11-25 09:10:29,749: Accuracy: 96.66%
2023-11-25 09:10:29,749: Training mode - OFF
2023-11-25 09:10:29,750: Evaluation
2023-11-25 09:10:32,387: Validation Loss: 0.09915305649379667
2023-11-25 09:10:32,387: Validation Accuracy: 96.78%
2023-11-25 09:10:32,388: Evaluation
2023-11-25 09:10:36,257: Validation Loss: 0.09915305649379667
2023-11-25 09:10:36,257: Validation Accuracy: 96.78%
2023-11-25 09:11:26,758: Training mode - ON
2023-11-25 09:11:26,759: Training epoch
2023-11-25 09:12:15,806: Epoch training time: 49.04708504676819
2023-11-25 09:12:15,806: Loss: 0.07390679417923093
2023-11-25 09:12:15,806: Accuracy: 97.77%
2023-11-25 09:12:15,806: Training mode - OFF
2023-11-25 09:12:15,807: Evaluation
2023-11-25 09:12:18,276: Validation Loss: 0.0752694689476797
2023-11-25 09:12:18,276: Validation Accuracy: 97.70%
2023-11-25 09:12:18,277: Evaluation
2023-11-25 09:12:22,131: Validation Loss: 0.0752694689476797
2023-11-25 09:12:22,131: Validation Accuracy: 97.70%
2023-11-25 09:13:14,598: Training mode - ON
2023-11-25 09:13:14,599: Training epoch
2023-11-25 09:14:03,709: Epoch training time: 49.109811305999756
2023-11-25 09:14:03,709: Loss: 0.05409169021959727
2023-11-25 09:14:03,709: Accuracy: 98.48%
2023-11-25 09:14:03,709: Training mode - OFF
2023-11-25 09:14:03,710: Evaluation
2023-11-25 09:14:06,518: Validation Loss: 0.06424452947339597
2023-11-25 09:14:06,518: Validation Accuracy: 98.02%
2023-11-25 09:14:06,519: Evaluation
2023-11-25 09:14:09,490: Validation Loss: 0.06424452947339597
2023-11-25 09:14:09,490: Validation Accuracy: 98.02%
2023-11-25 09:15:05,217: Training mode - ON
2023-11-25 09:15:05,218: Training epoch
2023-11-25 09:15:56,838: Epoch training time: 51.61993169784546
2023-11-25 09:15:56,838: Loss: 0.04157052275706082
2023-11-25 09:15:56,838: Accuracy: 98.85%
2023-11-25 09:15:56,838: Training mode - OFF
2023-11-25 09:15:56,839: Evaluation
2023-11-25 09:16:01,679: Validation Loss: 0.05807570793860095
2023-11-25 09:16:01,679: Validation Accuracy: 98.18%
2023-11-25 09:16:01,680: Evaluation
2023-11-25 09:16:05,722: Validation Loss: 0.05807570793860095
2023-11-25 09:16:05,722: Validation Accuracy: 98.18%
2023-11-25 09:17:00,740: Training mode - ON
2023-11-25 09:17:00,741: Training epoch
2023-11-25 09:17:55,669: Epoch training time: 54.92823266983032
2023-11-25 09:17:55,670: Loss: 0.03276369366802585
2023-11-25 09:17:55,670: Accuracy: 99.17%
2023-11-25 09:17:55,670: Training mode - OFF
2023-11-25 09:17:55,670: Evaluation
2023-11-25 09:17:58,296: Validation Loss: 0.05358496677266589
2023-11-25 09:17:58,296: Validation Accuracy: 98.32%
2023-11-25 09:17:58,297: Evaluation
2023-11-25 09:18:02,231: Validation Loss: 0.05358496677266589
2023-11-25 09:18:02,231: Validation Accuracy: 98.32%
2023-11-25 09:18:59,055: Training mode - ON
2023-11-25 09:18:59,055: Training epoch
2023-11-25 09:19:48,420: Epoch training time: 49.36480259895325
2023-11-25 09:19:48,420: Loss: 0.026103566599094
2023-11-25 09:19:48,420: Accuracy: 99.37%
2023-11-25 09:19:48,420: Training mode - OFF
2023-11-25 09:19:48,421: Evaluation
2023-11-25 09:19:50,987: Validation Loss: 0.05082450519775609
2023-11-25 09:19:50,988: Validation Accuracy: 98.38%
2023-11-25 09:19:50,989: Evaluation
2023-11-25 09:19:54,638: Validation Loss: 0.05082450519775609
2023-11-25 09:19:54,638: Validation Accuracy: 98.38%
2023-11-25 09:20:56,500: Training mode - ON
2023-11-25 09:20:56,501: Training epoch
2023-11-25 09:21:52,659: Epoch training time: 56.15836763381958
2023-11-25 09:21:52,659: Loss: 0.020797363053122537
2023-11-25 09:21:52,659: Accuracy: 99.51%
2023-11-25 09:21:52,659: Training mode - OFF
2023-11-25 09:21:52,660: Evaluation
2023-11-25 09:21:56,339: Validation Loss: 0.04862393344828365
2023-11-25 09:21:56,339: Validation Accuracy: 98.46%
2023-11-25 09:21:56,340: Evaluation
2023-11-25 09:22:00,610: Validation Loss: 0.04862393344828365
2023-11-25 09:22:00,610: Validation Accuracy: 98.46%
2023-11-25 09:23:01,816: Training mode - ON
2023-11-25 09:23:01,817: Training epoch
2023-11-25 09:23:57,565: Epoch training time: 55.748220682144165
2023-11-25 09:23:57,565: Loss: 0.01644545741417096
2023-11-25 09:23:57,565: Accuracy: 99.66%
2023-11-25 09:23:57,565: Training mode - OFF
2023-11-25 09:23:57,566: Evaluation
2023-11-25 09:24:00,019: Validation Loss: 0.048224647429280024
2023-11-25 09:24:00,019: Validation Accuracy: 98.42%
2023-11-25 09:24:00,020: Evaluation
2023-11-25 09:24:03,626: Validation Loss: 0.048224647429280024
2023-11-25 09:24:03,626: Validation Accuracy: 98.42%
2023-11-25 09:25:08,360: Training mode - ON
2023-11-25 09:25:08,360: Training epoch
2023-11-25 09:26:03,370: Epoch training time: 55.008981227874756
2023-11-25 09:26:03,370: Loss: 0.012997921797299448
2023-11-25 09:26:03,370: Accuracy: 99.72%
2023-11-25 09:26:03,370: Training mode - OFF
2023-11-25 09:26:03,370: Evaluation
2023-11-25 09:26:05,905: Validation Loss: 0.04763753945979598
2023-11-25 09:26:05,906: Validation Accuracy: 98.50%
2023-11-25 09:26:05,906: Evaluation
2023-11-25 09:26:08,298: Validation Loss: 0.04763753945979598
2023-11-25 09:26:08,299: Validation Accuracy: 98.50%
