2023-11-25 09:07:04,107: Starting server logging
2023-11-25 09:07:04,107: Starting the initialization of the array of clients
2023-11-25 09:07:04,108: Train Request for client with id: 1
2023-11-25 09:07:59,864: Train Request for client with id: 2
2023-11-25 09:08:47,606: Initializing Evaluation of all clients
2023-11-25 09:08:50,848: Accuracy over all data: 0.949
2023-11-25 09:08:50,848: Train Request for client with id: 1
2023-11-25 09:09:40,298: Train Request for client with id: 2
2023-11-25 09:10:32,388: Initializing Evaluation of all clients
2023-11-25 09:10:36,257: Accuracy over all data: 0.969
2023-11-25 09:10:36,258: Train Request for client with id: 1
2023-11-25 09:11:26,758: Train Request for client with id: 2
2023-11-25 09:12:18,276: Initializing Evaluation of all clients
2023-11-25 09:12:22,193: Accuracy over all data: 0.978
2023-11-25 09:12:22,193: Train Request for client with id: 1
2023-11-25 09:13:14,598: Train Request for client with id: 2
2023-11-25 09:14:06,518: Initializing Evaluation of all clients
2023-11-25 09:14:09,490: Accuracy over all data: 0.980
2023-11-25 09:14:09,490: Train Request for client with id: 1
2023-11-25 09:15:05,217: Train Request for client with id: 2
2023-11-25 09:16:01,679: Initializing Evaluation of all clients
2023-11-25 09:16:05,732: Accuracy over all data: 0.982
2023-11-25 09:16:05,732: Train Request for client with id: 1
2023-11-25 09:17:00,740: Train Request for client with id: 2
2023-11-25 09:17:58,296: Initializing Evaluation of all clients
2023-11-25 09:18:02,231: Accuracy over all data: 0.983
2023-11-25 09:18:02,232: Train Request for client with id: 1
2023-11-25 09:18:59,054: Train Request for client with id: 2
2023-11-25 09:19:50,988: Initializing Evaluation of all clients
2023-11-25 09:19:54,638: Accuracy over all data: 0.983
2023-11-25 09:19:54,638: Train Request for client with id: 1
2023-11-25 09:20:56,500: Train Request for client with id: 2
2023-11-25 09:21:56,340: Initializing Evaluation of all clients
2023-11-25 09:22:00,613: Accuracy over all data: 0.984
2023-11-25 09:22:00,614: Train Request for client with id: 1
2023-11-25 09:23:01,815: Train Request for client with id: 2
2023-11-25 09:24:00,019: Initializing Evaluation of all clients
2023-11-25 09:24:03,776: Accuracy over all data: 0.984
2023-11-25 09:24:03,776: Train Request for client with id: 1
2023-11-25 09:25:08,359: Train Request for client with id: 2
2023-11-25 09:26:05,906: Initializing Evaluation of all clients
2023-11-25 09:26:08,500: Accuracy over all data: 0.985
