2023-12-10 15:59:57,216: Alice is going insane!
2023-12-10 15:59:58,168: Local Data Statistics:
2023-12-10 15:59:58,168: Dataset Size: 6250.00
2023-12-10 15:59:58,169: Training mode - ON
2023-12-10 15:59:58,171: Training epoch
2023-12-10 16:01:32,398: Epoch training time: 94.22661304473877
2023-12-10 16:01:32,398: Loss: 1.9213090478420258
2023-12-10 16:01:32,398: Accuracy: 28.44%
2023-12-10 16:01:32,398: Data transmitted to server: 38.14697265625MB
2023-12-10 16:01:32,398: Data transmitted to client: 8.0108642578125MB
2023-12-10 16:01:32,398: Training mode - OFF
2023-12-10 16:01:32,399: Evaluation
2023-12-10 16:01:35,322: Validation Loss: 1.6074375102996825
2023-12-10 16:01:35,322: Validation Accuracy: 40.66%
2023-12-10 16:03:14,735: Training mode - ON
2023-12-10 16:03:14,735: Training epoch
2023-12-10 16:04:45,483: Epoch training time: 90.74781227111816
2023-12-10 16:04:45,484: Loss: 1.4568483119010924
2023-12-10 16:04:45,484: Accuracy: 47.22%
2023-12-10 16:04:45,484: Data transmitted to server: 38.14697265625MB
2023-12-10 16:04:45,484: Data transmitted to client: 8.0108642578125MB
2023-12-10 16:04:45,484: Training mode - OFF
2023-12-10 16:04:45,484: Evaluation
2023-12-10 16:04:48,417: Validation Loss: 1.3989034885883331
2023-12-10 16:04:48,418: Validation Accuracy: 49.18%
2023-12-10 16:06:24,043: Training mode - ON
2023-12-10 16:06:24,043: Training epoch
2023-12-10 16:07:58,269: Epoch training time: 94.22590231895447
2023-12-10 16:07:58,269: Loss: 1.2785208242309094
2023-12-10 16:07:58,269: Accuracy: 53.86%
2023-12-10 16:07:58,269: Data transmitted to server: 38.14697265625MB
2023-12-10 16:07:58,270: Data transmitted to client: 8.0108642578125MB
2023-12-10 16:07:58,270: Training mode - OFF
2023-12-10 16:07:58,270: Evaluation
2023-12-10 16:08:01,181: Validation Loss: 1.3178942938923837
2023-12-10 16:08:01,181: Validation Accuracy: 53.22%
2023-12-10 16:09:39,616: Training mode - ON
2023-12-10 16:09:39,617: Training epoch
2023-12-10 16:11:13,397: Epoch training time: 93.78073334693909
2023-12-10 16:11:13,398: Loss: 1.1657719219911098
2023-12-10 16:11:13,398: Accuracy: 58.40%
2023-12-10 16:11:13,398: Data transmitted to server: 38.14697265625MB
2023-12-10 16:11:13,398: Data transmitted to client: 8.0108642578125MB
2023-12-10 16:11:13,398: Training mode - OFF
2023-12-10 16:11:13,398: Evaluation
2023-12-10 16:11:16,277: Validation Loss: 1.2933988212943077
2023-12-10 16:11:16,277: Validation Accuracy: 54.44%
2023-12-10 16:12:54,284: Training mode - ON
2023-12-10 16:12:54,284: Training epoch
2023-12-10 16:14:22,351: Epoch training time: 88.0661883354187
2023-12-10 16:14:22,351: Loss: 1.0779639370658993
2023-12-10 16:14:22,351: Accuracy: 61.51%
2023-12-10 16:14:22,351: Data transmitted to server: 38.14697265625MB
2023-12-10 16:14:22,351: Data transmitted to client: 8.0108642578125MB
2023-12-10 16:14:22,351: Training mode - OFF
2023-12-10 16:14:22,352: Evaluation
2023-12-10 16:14:25,250: Validation Loss: 1.292208830821514
2023-12-10 16:14:25,250: Validation Accuracy: 54.80%
2023-12-10 16:16:01,373: Training mode - ON
2023-12-10 16:16:01,374: Training epoch
2023-12-10 16:17:35,732: Epoch training time: 94.35782504081726
2023-12-10 16:17:35,732: Loss: 1.0016308964285254
2023-12-10 16:17:35,732: Accuracy: 64.15%
2023-12-10 16:17:35,732: Data transmitted to server: 38.14697265625MB
2023-12-10 16:17:35,732: Data transmitted to client: 8.0108642578125MB
2023-12-10 16:17:35,732: Training mode - OFF
2023-12-10 16:17:35,733: Evaluation
2023-12-10 16:17:39,042: Validation Loss: 1.304629278603196
2023-12-10 16:17:39,042: Validation Accuracy: 55.42%
2023-12-10 16:19:17,398: Training mode - ON
2023-12-10 16:19:17,399: Training epoch
2023-12-10 16:20:46,609: Epoch training time: 89.21051478385925
2023-12-10 16:20:46,609: Loss: 0.9362128199537099
2023-12-10 16:20:46,609: Accuracy: 66.40%
2023-12-10 16:20:46,609: Data transmitted to server: 38.14697265625MB
2023-12-10 16:20:46,610: Data transmitted to client: 8.0108642578125MB
2023-12-10 16:20:46,610: Training mode - OFF
2023-12-10 16:20:46,610: Evaluation
2023-12-10 16:20:49,554: Validation Loss: 1.3306924483969809
2023-12-10 16:20:49,554: Validation Accuracy: 56.22%
2023-12-10 16:22:26,549: Training mode - ON
2023-12-10 16:22:26,549: Training epoch
2023-12-10 16:23:59,453: Epoch training time: 92.90384888648987
2023-12-10 16:23:59,453: Loss: 0.8917366938309371
2023-12-10 16:23:59,453: Accuracy: 68.29%
2023-12-10 16:23:59,454: Data transmitted to server: 38.14697265625MB
2023-12-10 16:23:59,454: Data transmitted to client: 8.0108642578125MB
2023-12-10 16:23:59,454: Training mode - OFF
2023-12-10 16:23:59,454: Evaluation
2023-12-10 16:24:02,358: Validation Loss: 1.415859014582634
2023-12-10 16:24:02,358: Validation Accuracy: 54.96%
2023-12-10 16:25:40,217: Training mode - ON
2023-12-10 16:25:40,218: Training epoch
2023-12-10 16:27:14,260: Epoch training time: 94.04176497459412
2023-12-10 16:27:14,260: Loss: 0.8441392315031588
2023-12-10 16:27:14,260: Accuracy: 69.79%
2023-12-10 16:27:14,260: Data transmitted to server: 38.14697265625MB
2023-12-10 16:27:14,260: Data transmitted to client: 8.0108642578125MB
2023-12-10 16:27:14,260: Training mode - OFF
2023-12-10 16:27:14,261: Evaluation
2023-12-10 16:27:17,140: Validation Loss: 1.4769276790335775
2023-12-10 16:27:17,140: Validation Accuracy: 55.44%
2023-12-10 16:28:50,610: Training mode - ON
2023-12-10 16:28:50,611: Training epoch
2023-12-10 16:30:17,613: Epoch training time: 87.00252771377563
2023-12-10 16:30:17,614: Loss: 0.8105556135971099
2023-12-10 16:30:17,614: Accuracy: 70.97%
2023-12-10 16:30:17,614: Data transmitted to server: 38.14697265625MB
2023-12-10 16:30:17,614: Data transmitted to client: 8.0108642578125MB
2023-12-10 16:30:17,614: Training mode - OFF
2023-12-10 16:30:17,614: Evaluation
2023-12-10 16:30:20,537: Validation Loss: 1.4844738454844804
2023-12-10 16:30:20,537: Validation Accuracy: 54.92%
